0001_0011_0008_0062_0062.jpg 1 11 8 62 62
0002_0010_0036_0051_0051.jpg 1 10 36 51 51
0003_0022_0037_0047_0047.jpg 1 22 37 47 47
0004_0050_0031_0031_0031.jpg 1 50 31 31 31
0005_0058_0035_0024_0024.jpg 1 58 35 24 24
0006_0055_0040_0032_0032.jpg 1 55 40 32 32
0007_0060_0029_0028_0028.jpg 1 60 29 28 28
0008_0035_0041_0045_0045.jpg 1 35 41 45 45
0009_0026_0041_0049_0049.jpg 1 26 41 49 49
0010_0032_0016_0049_0049.jpg 1 32 16 49 49
0011_0065_0009_0026_0026.jpg 1 65 9 26 26
0012_0009_0006_0068_0068.jpg 1 9 6 68 68
0013_0010_0026_0069_0069.jpg 1 10 26 69 69
0014_0019_0007_0068_0068.jpg 1 19 7 68 68
0015_0030_0021_0042_0042.jpg 1 30 21 42 42
0016_0035_0041_0033_0033.jpg 1 35 41 33 33
0017_0006_0011_0067_0067.jpg 1 6 11 67 67
0018_0036_0007_0050_0050.jpg 1 36 7 50 50
0019_0026_0030_0049_0049.jpg 1 26 30 49 49
0020_0029_0032_0058_0058.jpg 1 29 32 58 58
0021_0033_0042_0048_0048.jpg 1 33 42 48 48
0022_0040_0031_0033_0033.jpg 1 40 31 33 33
0023_0028_0036_0055_0055.jpg 1 28 36 55 55
0024_0035_0019_0052_0052.jpg 1 35 19 52 52
0025_0026_0041_0052_0052.jpg 1 26 41 52 52
0026_0054_0036_0028_0028.jpg 1 54 36 28 28
0027_0014_0008_0057_0057.jpg 1 14 8 57 57
0028_0024_0034_0050_0050.jpg 1 24 34 50 50
0029_0027_0046_0043_0043.jpg 1 27 46 43 43
0030_0020_0024_0061_0061.jpg 1 20 24 61 61
0031_0028_0009_0047_0047.jpg 1 28 9 47 47
0032_0032_0024_0048_0048.jpg 1 32 24 48 48
0033_0021_0023_0040_0040.jpg 1 21 23 40 40
0034_0019_0042_0031_0031.jpg 1 19 42 31 31
0035_0015_0023_0037_0037.jpg 1 15 23 37 37
0036_0020_0020_0035_0035.jpg 1 20 20 35 35
0037_0020_0045_0049_0049.jpg 1 20 45 49 49
0038_0021_0026_0046_0046.jpg 1 21 26 46 46
0039_0028_0035_0025_0025.jpg 1 28 35 25 25
0040_0057_0023_0026_0026.jpg 1 57 23 26 26
0041_0032_0022_0033_0033.jpg 1 32 22 33 33
0042_0046_0014_0039_0039.jpg 1 46 14 39 39
0043_0023_0031_0060_0060.jpg 1 23 31 60 60
0044_0040_0018_0035_0035.jpg 1 40 18 35 35
0045_0024_0027_0051_0051.jpg 1 24 27 51 51
0046_0013_0027_0055_0055.jpg 1 13 27 55 55
0047_0042_0032_0049_0049.jpg 1 42 32 49 49
0048_0044_0029_0043_0043.jpg 1 44 29 43 43
0049_0033_0018_0045_0045.jpg 1 33 18 45 45
0050_0012_0022_0058_0058.jpg 1 12 22 58 58
0051_0029_0023_0060_0060.jpg 1 29 23 60 60
0052_0015_0026_0039_0039.jpg 1 15 26 39 39
0053_0017_0007_0061_0061.jpg 1 17 7 61 61
0054_0026_0046_0035_0035.jpg 1 26 46 35 35
0055_0026_0046_0048_0048.jpg 1 26 46 48 48
0056_0026_0050_0043_0043.jpg 1 26 50 43 43
0057_0031_0057_0027_0027.jpg 1 31 57 27 27
0058_0012_0004_0061_0061.jpg 1 12 4 61 61
0059_0005_0003_0067_0067.jpg 1 5 3 67 67
0060_0015_0021_0063_0063.jpg 1 15 21 63 63
0061_0016_0026_0042_0042.jpg 1 16 26 42 42
0062_0014_0010_0050_0050.jpg 1 14 10 50 50
0063_0025_0012_0067_0067.jpg 1 25 12 67 67
0064_0009_0006_0066_0066.jpg 1 9 6 66 66
0065_0052_0033_0029_0029.jpg 1 52 33 29 29
0066_0031_0045_0042_0042.jpg 1 31 45 42 42
0067_0025_0031_0065_0065.jpg 1 25 31 65 65
0068_0004_0032_0056_0056.jpg 1 4 32 56 56
0069_0031_0025_0051_0051.jpg 1 31 25 51 51
0070_0005_0016_0065_0065.jpg 1 5 16 65 65
0071_0022_0006_0047_0047.jpg 1 22 6 47 47
0072_0006_0010_0033_0033.jpg 1 6 10 33 33
0073_0027_0022_0047_0047.jpg 1 27 22 47 47
0074_0013_0025_0063_0063.jpg 1 13 25 63 63
0075_0025_0010_0065_0065.jpg 1 25 10 65 65
0076_0045_0033_0034_0034.jpg 1 45 33 34 34
0077_0012_0046_0041_0041.jpg 1 12 46 41 41
0078_0022_0032_0036_0036.jpg 1 22 32 36 36
0079_0029_0023_0066_0066.jpg 1 29 23 66 66
0080_0012_0016_0067_0067.jpg 1 12 16 67 67
0081_0048_0014_0045_0045.jpg 1 48 14 45 45
0082_0033_0027_0037_0037.jpg 1 33 27 37 37
0083_0018_0045_0038_0038.jpg 1 18 45 38 38
0084_0009_0038_0056_0056.jpg 1 9 38 56 56
0085_0042_0022_0024_0024.jpg 1 42 22 24 24
0086_0024_0025_0064_0064.jpg 1 24 25 64 64
0087_0037_0039_0054_0054.jpg 1 37 39 54 54
0088_0048_0054_0038_0038.jpg 1 48 54 38 38
0089_0015_0049_0039_0039.jpg 1 15 49 39 39
0090_0019_0019_0051_0051.jpg 1 19 19 51 51
0091_0060_0052_0033_0033.jpg 1 60 52 33 33
0092_0028_0033_0056_0056.jpg 1 28 33 56 56
0093_0032_0044_0036_0036.jpg 1 32 44 36 36
0094_0004_0005_0058_0058.jpg 1 4 5 58 58
0095_0024_0059_0024_0024.jpg 1 24 59 24 24
0096_0034_0035_0028_0028.jpg 1 34 35 28 28
0097_0041_0013_0028_0028.jpg 1 41 13 28 28
0098_0005_0020_0059_0059.jpg 1 5 20 59 59
0099_0017_0021_0045_0045.jpg 1 17 21 45 45
0100_0016_0008_0046_0046.jpg 1 16 8 46 46
0101_0044_0057_0031_0031.jpg 1 44 57 31 31
0102_0021_0009_0044_0044.jpg 1 21 9 44 44
0103_0021_0032_0041_0041.jpg 1 21 32 41 41
0104_0007_0017_0053_0053.jpg 1 7 17 53 53
0105_0018_0037_0043_0043.jpg 1 18 37 43 43
0106_0027_0013_0068_0068.jpg 1 27 13 68 68
0107_0012_0046_0032_0032.jpg 1 12 46 32 32
0108_0030_0044_0024_0024.jpg 1 30 44 24 24
0109_0020_0018_0046_0046.jpg 1 20 18 46 46
0110_0029_0015_0058_0058.jpg 1 29 15 58 58
0111_0039_0044_0027_0027.jpg 1 39 44 27 27
0112_0029_0024_0032_0032.jpg 1 29 24 32 32
0113_0014_0014_0058_0058.jpg 1 14 14 58 58
0114_0054_0018_0037_0037.jpg 1 54 18 37 37
0115_0012_0027_0033_0033.jpg 1 12 27 33 33
0116_0032_0016_0055_0055.jpg 1 32 16 55 55
0117_0016_0019_0054_0054.jpg 1 16 19 54 54
0118_0037_0038_0041_0041.jpg 1 37 38 41 41
0119_0026_0034_0030_0030.jpg 1 26 34 30 30
0120_0015_0030_0064_0064.jpg 1 15 30 64 64
0121_0053_0053_0030_0030.jpg 1 53 53 30 30
0122_0048_0031_0026_0026.jpg 1 48 31 26 26
0123_0029_0045_0040_0040.jpg 1 29 45 40 40
0124_0024_0032_0063_0063.jpg 1 24 32 63 63
0125_0026_0024_0068_0068.jpg 1 26 24 68 68
0126_0042_0029_0025_0025.jpg 1 42 29 25 25
0127_0048_0016_0042_0042.jpg 1 48 16 42 42
0128_0026_0028_0064_0064.jpg 1 26 28 64 64
0129_0065_0045_0026_0026.jpg 1 65 45 26 26
0130_0034_0030_0044_0044.jpg 1 34 30 44 44
0131_0029_0062_0029_0029.jpg 1 29 62 29 29
0132_0007_0024_0046_0046.jpg 1 7 24 46 46
0133_0034_0013_0061_0061.jpg 1 34 13 61 61
0134_0020_0012_0065_0065.jpg 1 20 12 65 65
0135_0027_0016_0035_0035.jpg 1 27 16 35 35
0136_0029_0029_0060_0060.jpg 1 29 29 60 60
0137_0064_0045_0026_0026.jpg 1 64 45 26 26
0138_0050_0044_0027_0027.jpg 1 50 44 27 27
0139_0043_0058_0029_0029.jpg 1 43 58 29 29
0140_0010_0012_0069_0069.jpg 1 10 12 69 69
0141_0012_0013_0038_0038.jpg 1 12 13 38 38
0142_0031_0024_0056_0056.jpg 1 31 24 56 56
0143_0031_0034_0042_0042.jpg 1 31 34 42 42
0144_0034_0022_0048_0048.jpg 1 34 22 48 48
0145_0011_0031_0034_0034.jpg 1 11 31 34 34
0146_0043_0040_0040_0040.jpg 1 43 40 40 40
0147_0019_0030_0038_0038.jpg 1 19 30 38 38
0148_0059_0029_0024_0024.jpg 1 59 29 24 24
0149_0022_0006_0055_0055.jpg 1 22 6 55 55
0150_0007_0020_0069_0069.jpg 1 7 20 69 69
0151_0041_0024_0036_0036.jpg 1 41 24 36 36
0152_0036_0047_0044_0044.jpg 1 36 47 44 44
0153_0010_0019_0066_0066.jpg 1 10 19 66 66
0154_0010_0024_0044_0044.jpg 1 10 24 44 44
0155_0034_0014_0061_0061.jpg 1 34 14 61 61
0156_0018_0052_0030_0030.jpg 1 18 52 30 30
0157_0024_0006_0065_0065.jpg 1 24 6 65 65
0158_0019_0021_0061_0061.jpg 1 19 21 61 61
0159_0008_0008_0069_0069.jpg 1 8 8 69 69
0160_0004_0018_0064_0064.jpg 1 4 18 64 64
0161_0026_0012_0029_0029.jpg 1 26 12 29 29
0162_0020_0020_0046_0046.jpg 1 20 20 46 46
0163_0024_0030_0035_0035.jpg 1 24 30 35 35
0164_0057_0061_0030_0030.jpg 1 57 61 30 30
0165_0041_0019_0052_0052.jpg 1 41 19 52 52
0166_0037_0031_0032_0032.jpg 1 37 31 32 32
0167_0028_0006_0041_0041.jpg 1 28 6 41 41
0168_0024_0027_0069_0069.jpg 1 24 27 69 69
0169_0037_0043_0047_0047.jpg 1 37 43 47 47
0170_0031_0029_0039_0039.jpg 1 31 29 39 39
0171_0040_0040_0024_0024.jpg 1 40 40 24 24
0172_0012_0038_0052_0052.jpg 1 12 38 52 52
0173_0053_0056_0037_0037.jpg 1 53 56 37 37
0174_0010_0020_0042_0042.jpg 1 10 20 42 42
0175_0027_0042_0032_0032.jpg 1 27 42 32 32
0176_0035_0011_0046_0046.jpg 1 35 11 46 46
0177_0036_0027_0051_0051.jpg 1 36 27 51 51
0178_0026_0016_0047_0047.jpg 1 26 16 47 47
0179_0026_0010_0046_0046.jpg 1 26 10 46 46
0180_0035_0030_0032_0032.jpg 1 35 30 32 32
0181_0038_0033_0040_0040.jpg 1 38 33 40 40
0182_0053_0043_0034_0034.jpg 1 53 43 34 34
0183_0017_0022_0067_0067.jpg 1 17 22 67 67
0184_0038_0051_0040_0040.jpg 1 38 51 40 40
0185_0027_0032_0030_0030.jpg 1 27 32 30 30
0186_0024_0018_0037_0037.jpg 1 24 18 37 37
0187_0008_0025_0062_0062.jpg 1 8 25 62 62
0188_0031_0009_0064_0064.jpg 1 31 9 64 64
0189_0010_0029_0062_0062.jpg 1 10 29 62 62
0190_0051_0026_0025_0025.jpg 1 51 26 25 25
0191_0039_0034_0054_0054.jpg 1 39 34 54 54
0192_0032_0011_0039_0039.jpg 1 32 11 39 39
0193_0040_0064_0025_0025.jpg 1 40 64 25 25
0194_0027_0006_0055_0055.jpg 1 27 6 55 55
0195_0007_0010_0049_0049.jpg 1 7 10 49 49
0196_0032_0044_0048_0048.jpg 1 32 44 48 48
0197_0031_0016_0048_0048.jpg 1 31 16 48 48
0198_0024_0016_0065_0065.jpg 1 24 16 65 65
0199_0035_0049_0038_0038.jpg 1 35 49 38 38
0200_0014_0031_0062_0062.jpg 1 14 31 62 62
0201_0008_0006_0066_0066.jpg 1 8 6 66 66
0202_0021_0031_0030_0030.jpg 1 21 31 30 30
0203_0034_0038_0039_0039.jpg 1 34 38 39 39
0204_0020_0012_0056_0056.jpg 1 20 12 56 56
0205_0054_0010_0036_0036.jpg 1 54 10 36 36
0206_0045_0008_0040_0040.jpg 1 45 8 40 40
0207_0016_0015_0038_0038.jpg 1 16 15 38 38
0208_0029_0023_0060_0060.jpg 1 29 23 60 60
0209_0010_0005_0054_0054.jpg 1 10 5 54 54
0210_0016_0042_0036_0036.jpg 1 16 42 36 36
0211_0030_0037_0056_0056.jpg 1 30 37 56 56
0212_0026_0018_0053_0053.jpg 1 26 18 53 53
0213_0012_0053_0037_0037.jpg 1 12 53 37 37
0214_0008_0010_0064_0064.jpg 1 8 10 64 64
0215_0029_0024_0059_0059.jpg 1 29 24 59 59
0216_0015_0033_0059_0059.jpg 1 15 33 59 59
0217_0039_0017_0046_0046.jpg 1 39 17 46 46
0218_0060_0040_0033_0033.jpg 1 60 40 33 33
0219_0032_0026_0059_0059.jpg 1 32 26 59 59
0220_0040_0006_0031_0031.jpg 1 40 6 31 31
0221_0015_0019_0049_0049.jpg 1 15 19 49 49
0222_0008_0044_0026_0026.jpg 1 8 44 26 26
0223_0011_0013_0038_0038.jpg 1 11 13 38 38
0224_0043_0035_0035_0035.jpg 1 43 35 35 35
0225_0025_0023_0062_0062.jpg 1 25 23 62 62
0226_0012_0030_0057_0057.jpg 1 12 30 57 57
0227_0035_0040_0029_0029.jpg 1 35 40 29 29
0228_0023_0026_0063_0063.jpg 1 23 26 63 63
0229_0029_0015_0029_0029.jpg 1 29 15 29 29
0230_0008_0058_0026_0026.jpg 1 8 58 26 26
0231_0010_0019_0067_0067.jpg 1 10 19 67 67
0232_0028_0034_0049_0049.jpg 1 28 34 49 49
0233_0010_0015_0053_0053.jpg 1 10 15 53 53
0234_0042_0034_0029_0029.jpg 1 42 34 29 29
0235_0007_0010_0059_0059.jpg 1 7 10 59 59
0236_0036_0011_0025_0025.jpg 1 36 11 25 25
0237_0041_0042_0045_0045.jpg 1 41 42 45 45
0238_0045_0047_0045_0045.jpg 1 45 47 45 45
0239_0031_0065_0027_0027.jpg 1 31 65 27 27
0240_0006_0008_0050_0050.jpg 1 6 8 50 50
0241_0012_0004_0067_0067.jpg 1 12 4 67 67
0242_0019_0021_0037_0037.jpg 1 19 21 37 37
0243_0016_0003_0062_0062.jpg 1 16 3 62 62
0244_0041_0019_0047_0047.jpg 1 41 19 47 47
0245_0012_0052_0024_0024.jpg 1 12 52 24 24
0246_0044_0045_0026_0026.jpg 1 44 45 26 26
0247_0041_0036_0025_0025.jpg 1 41 36 25 25
0248_0009_0018_0040_0040.jpg 1 9 18 40 40
0249_0033_0024_0052_0052.jpg 1 33 24 52 52
0250_0039_0022_0052_0052.jpg 1 39 22 52 52
0251_0044_0013_0050_0050.jpg 1 44 13 50 50
0252_0029_0008_0059_0059.jpg 1 29 8 59 59
0253_0016_0020_0048_0048.jpg 1 16 20 48 48
0254_0041_0038_0044_0044.jpg 1 41 38 44 44
0255_0040_0033_0032_0032.jpg 1 40 33 32 32
0256_0020_0008_0069_0069.jpg 1 20 8 69 69
0257_0022_0014_0062_0062.jpg 1 22 14 62 62
0258_0053_0017_0035_0035.jpg 1 53 17 35 35
0259_0032_0018_0041_0041.jpg 1 32 18 41 41
0260_0019_0044_0047_0047.jpg 1 19 44 47 47
0261_0034_0010_0048_0048.jpg 1 34 10 48 48
0262_0036_0020_0047_0047.jpg 1 36 20 47 47
0263_0045_0033_0034_0034.jpg 1 45 33 34 34
0264_0018_0029_0034_0034.jpg 1 18 29 34 34
0265_0022_0024_0066_0066.jpg 1 22 24 66 66
0266_0017_0022_0056_0056.jpg 1 17 22 56 56
0267_0005_0030_0051_0051.jpg 1 5 30 51 51
0268_0016_0027_0064_0064.jpg 1 16 27 64 64
0269_0019_0039_0050_0050.jpg 1 19 39 50 50
0270_0019_0047_0043_0043.jpg 1 19 47 43 43
0271_0010_0033_0053_0053.jpg 1 10 33 53 53
0272_0042_0036_0048_0048.jpg 1 42 36 48 48
0273_0034_0046_0036_0036.jpg 1 34 46 36 36
0274_0055_0034_0038_0038.jpg 1 55 34 38 38
0275_0049_0038_0038_0038.jpg 1 49 38 38 38
0276_0022_0028_0063_0063.jpg 1 22 28 63 63
0277_0041_0014_0048_0048.jpg 1 41 14 48 48
0278_0048_0015_0030_0030.jpg 1 48 15 30 30
0279_0025_0004_0062_0062.jpg 1 25 4 62 62
0280_0019_0020_0035_0035.jpg 1 19 20 35 35
0281_0036_0023_0029_0029.jpg 1 36 23 29 29
0282_0010_0009_0059_0059.jpg 1 10 9 59 59
0283_0023_0027_0053_0053.jpg 1 23 27 53 53
0284_0026_0034_0027_0027.jpg 1 26 34 27 27
0285_0036_0013_0029_0029.jpg 1 36 13 29 29
0286_0012_0013_0056_0056.jpg 1 12 13 56 56
0287_0024_0009_0067_0067.jpg 1 24 9 67 67
0288_0023_0018_0064_0064.jpg 1 23 18 64 64
0289_0025_0017_0027_0027.jpg 1 25 17 27 27
0290_0012_0022_0046_0046.jpg 1 12 22 46 46
0291_0025_0024_0029_0029.jpg 1 25 24 29 29
0292_0026_0032_0029_0029.jpg 1 26 32 29 29
0293_0021_0008_0034_0034.jpg 1 21 8 34 34
0294_0019_0004_0056_0056.jpg 1 19 4 56 56
0295_0030_0041_0047_0047.jpg 1 30 41 47 47
0296_0026_0004_0062_0062.jpg 1 26 4 62 62
0297_0020_0030_0056_0056.jpg 1 20 30 56 56
0298_0035_0011_0039_0039.jpg 1 35 11 39 39
0299_0009_0009_0068_0068.jpg 1 9 9 68 68
0300_0004_0029_0059_0059.jpg 1 4 29 59 59
0301_0018_0025_0057_0057.jpg 1 18 25 57 57
0302_0017_0008_0064_0064.jpg 1 17 8 64 64
0303_0043_0030_0047_0047.jpg 1 43 30 47 47
0304_0010_0018_0040_0040.jpg 1 10 18 40 40
0305_0007_0017_0031_0031.jpg 1 7 17 31 31
0306_0032_0015_0056_0056.jpg 1 32 15 56 56
0307_0017_0025_0029_0029.jpg 1 17 25 29 29
0308_0031_0010_0060_0060.jpg 1 31 10 60 60
0309_0012_0026_0058_0058.jpg 1 12 26 58 58
0310_0009_0038_0055_0055.jpg 1 9 38 55 55
0311_0025_0016_0064_0064.jpg 1 25 16 64 64
0312_0039_0041_0054_0054.jpg 1 39 41 54 54
0313_0020_0039_0048_0048.jpg 1 20 39 48 48
0314_0052_0029_0042_0042.jpg 1 52 29 42 42
0315_0018_0033_0029_0029.jpg 1 18 33 29 29
0316_0049_0037_0029_0029.jpg 1 49 37 29 29
0317_0013_0032_0054_0054.jpg 1 13 32 54 54
0318_0026_0032_0063_0063.jpg 1 26 32 63 63
0319_0027_0024_0037_0037.jpg 1 27 24 37 37
0320_0018_0027_0045_0045.jpg 1 18 27 45 45
0321_0034_0017_0047_0047.jpg 1 34 17 47 47
0322_0019_0014_0048_0048.jpg 1 19 14 48 48
0323_0053_0011_0033_0033.jpg 1 53 11 33 33
0324_0046_0040_0034_0034.jpg 1 46 40 34 34
0325_0006_0031_0056_0056.jpg 1 6 31 56 56
0326_0014_0031_0050_0050.jpg 1 14 31 50 50
0327_0018_0035_0029_0029.jpg 1 18 35 29 29
0328_0034_0019_0053_0053.jpg 1 34 19 53 53
0329_0032_0059_0029_0029.jpg 1 32 59 29 29
0330_0015_0033_0050_0050.jpg 1 15 33 50 50
0331_0045_0053_0028_0028.jpg 1 45 53 28 28
0332_0030_0013_0057_0057.jpg 1 30 13 57 57
0333_0012_0018_0068_0068.jpg 1 12 18 68 68
0334_0032_0026_0027_0027.jpg 1 32 26 27 27
0335_0053_0062_0024_0024.jpg 1 53 62 24 24
0336_0030_0010_0055_0055.jpg 1 30 10 55 55
0337_0032_0004_0054_0054.jpg 1 32 4 54 54
0338_0016_0012_0066_0066.jpg 1 16 12 66 66
0339_0025_0015_0041_0041.jpg 1 25 15 41 41
0340_0052_0016_0025_0025.jpg 1 52 16 25 25
0341_0007_0018_0057_0057.jpg 1 7 18 57 57
0342_0046_0032_0042_0042.jpg 1 46 32 42 42
0343_0012_0028_0066_0066.jpg 1 12 28 66 66
0344_0029_0010_0059_0059.jpg 1 29 10 59 59
0345_0029_0065_0025_0025.jpg 1 29 65 25 25
0346_0013_0010_0067_0067.jpg 1 13 10 67 67
0347_0050_0046_0037_0037.jpg 1 50 46 37 37
0348_0045_0006_0047_0047.jpg 1 45 6 47 47
0349_0011_0040_0053_0053.jpg 1 11 40 53 53
0350_0053_0032_0028_0028.jpg 1 53 32 28 28
0351_0023_0012_0057_0057.jpg 1 23 12 57 57
0352_0006_0047_0042_0042.jpg 1 6 47 42 42
0353_0048_0028_0032_0032.jpg 1 48 28 32 32
0354_0021_0023_0066_0066.jpg 1 21 23 66 66
0355_0010_0009_0069_0069.jpg 1 10 9 69 69
0356_0020_0013_0042_0042.jpg 1 20 13 42 42
0357_0032_0030_0034_0034.jpg 1 32 30 34 34
0358_0016_0020_0027_0027.jpg 1 16 20 27 27
0359_0032_0030_0026_0026.jpg 1 32 30 26 26
0360_0028_0012_0067_0067.jpg 1 28 12 67 67
0361_0022_0010_0041_0041.jpg 1 22 10 41 41
0362_0032_0062_0029_0029.jpg 1 32 62 29 29
0363_0023_0010_0064_0064.jpg 1 23 10 64 64
0364_0023_0031_0024_0024.jpg 1 23 31 24 24
0365_0006_0016_0055_0055.jpg 1 6 16 55 55
0366_0046_0014_0032_0032.jpg 1 46 14 32 32
0367_0053_0017_0027_0027.jpg 1 53 17 27 27
0368_0029_0046_0046_0046.jpg 1 29 46 46 46
0369_0040_0055_0032_0032.jpg 1 40 55 32 32
0370_0028_0020_0046_0046.jpg 1 28 20 46 46
0371_0029_0006_0039_0039.jpg 1 29 6 39 39
0372_0028_0034_0028_0028.jpg 1 28 34 28 28
0373_0020_0006_0056_0056.jpg 1 20 6 56 56
0374_0025_0018_0029_0029.jpg 1 25 18 29 29
0375_0026_0025_0056_0056.jpg 1 26 25 56 56
0376_0053_0020_0036_0036.jpg 1 53 20 36 36
0377_0014_0020_0064_0064.jpg 1 14 20 64 64
0378_0028_0039_0042_0042.jpg 1 28 39 42 42
0379_0061_0015_0029_0029.jpg 1 61 15 29 29
0380_0015_0037_0050_0050.jpg 1 15 37 50 50
0381_0015_0025_0056_0056.jpg 1 15 25 56 56
0382_0007_0050_0037_0037.jpg 1 7 50 37 37
0383_0027_0047_0032_0032.jpg 1 27 47 32 32
0384_0019_0005_0063_0063.jpg 1 19 5 63 63
0385_0017_0040_0051_0051.jpg 1 17 40 51 51
0386_0016_0031_0041_0041.jpg 1 16 31 41 41
0387_0032_0024_0046_0046.jpg 1 32 24 46 46
0388_0031_0008_0045_0045.jpg 1 31 8 45 45
0389_0025_0049_0041_0041.jpg 1 25 49 41 41
0390_0008_0019_0068_0068.jpg 1 8 19 68 68
0391_0048_0045_0037_0037.jpg 1 48 45 37 37
0392_0026_0016_0064_0064.jpg 1 26 16 64 64
0393_0031_0028_0061_0061.jpg 1 31 28 61 61
0394_0019_0024_0044_0044.jpg 1 19 24 44 44
0395_0024_0033_0050_0050.jpg 1 24 33 50 50
0396_0018_0023_0051_0051.jpg 1 18 23 51 51
0397_0046_0041_0040_0040.jpg 1 46 41 40 40
0398_0029_0022_0062_0062.jpg 1 29 22 62 62
0399_0017_0028_0063_0063.jpg 1 17 28 63 63
0400_0050_0033_0026_0026.jpg 1 50 33 26 26
0401_0051_0009_0042_0042.jpg 1 51 9 42 42
0402_0056_0012_0026_0026.jpg 1 56 12 26 26
0403_0011_0035_0038_0038.jpg 1 11 35 38 38
0404_0034_0012_0059_0059.jpg 1 34 12 59 59
0405_0040_0011_0031_0031.jpg 1 40 11 31 31
0406_0026_0037_0051_0051.jpg 1 26 37 51 51
0407_0039_0024_0055_0055.jpg 1 39 24 55 55
0408_0019_0032_0057_0057.jpg 1 19 32 57 57
0409_0023_0006_0056_0056.jpg 1 23 6 56 56
0410_0027_0040_0048_0048.jpg 1 27 40 48 48
0411_0017_0034_0046_0046.jpg 1 17 34 46 46
0412_0051_0023_0032_0032.jpg 1 51 23 32 32
0413_0027_0027_0042_0042.jpg 1 27 27 42 42
0414_0019_0028_0030_0030.jpg 1 19 28 30 30
0415_0022_0053_0027_0027.jpg 1 22 53 27 27
0416_0036_0021_0030_0030.jpg 1 36 21 30 30
0417_0016_0008_0068_0068.jpg 1 16 8 68 68
0418_0031_0044_0046_0046.jpg 1 31 44 46 46
0419_0010_0006_0061_0061.jpg 1 10 6 61 61
0420_0026_0028_0065_0065.jpg 1 26 28 65 65
0421_0026_0031_0055_0055.jpg 1 26 31 55 55
0422_0004_0010_0059_0059.jpg 1 4 10 59 59
0423_0032_0017_0061_0061.jpg 1 32 17 61 61
0424_0029_0007_0049_0049.jpg 1 29 7 49 49
0425_0010_0006_0064_0064.jpg 1 10 6 64 64
0426_0005_0010_0065_0065.jpg 1 5 10 65 65
0427_0022_0032_0052_0052.jpg 1 22 32 52 52
0428_0014_0009_0040_0040.jpg 1 14 9 40 40
0429_0053_0017_0026_0026.jpg 1 53 17 26 26
0430_0046_0044_0042_0042.jpg 1 46 44 42 42
0431_0043_0026_0051_0051.jpg 1 43 26 51 51
0432_0018_0036_0041_0041.jpg 1 18 36 41 41
0433_0050_0051_0036_0036.jpg 1 50 51 36 36
0434_0038_0024_0049_0049.jpg 1 38 24 49 49
0435_0014_0053_0035_0035.jpg 1 14 53 35 35
0436_0007_0016_0042_0042.jpg 1 7 16 42 42
0437_0022_0011_0069_0069.jpg 1 22 11 69 69
0438_0014_0043_0025_0025.jpg 1 14 43 25 25
0439_0037_0024_0036_0036.jpg 1 37 24 36 36
0440_0029_0021_0026_0026.jpg 1 29 21 26 26
0441_0015_0019_0068_0068.jpg 1 15 19 68 68
0442_0059_0022_0032_0032.jpg 1 59 22 32 32
0443_0029_0008_0064_0064.jpg 1 29 8 64 64
0444_0038_0036_0052_0052.jpg 1 38 36 52 52
0445_0014_0019_0050_0050.jpg 1 14 19 50 50
0446_0008_0054_0029_0029.jpg 1 8 54 29 29
0447_0028_0015_0052_0052.jpg 1 28 15 52 52
0448_0010_0029_0051_0051.jpg 1 10 29 51 51
0449_0045_0036_0041_0041.jpg 1 45 36 41 41
0450_0014_0022_0049_0049.jpg 1 14 22 49 49
0451_0030_0031_0059_0059.jpg 1 30 31 59 59
0452_0031_0019_0047_0047.jpg 1 31 19 47 47
0453_0004_0012_0055_0055.jpg 1 4 12 55 55
0454_0006_0018_0050_0050.jpg 1 6 18 50 50
0455_0015_0029_0055_0055.jpg 1 15 29 55 55
0456_0019_0014_0056_0056.jpg 1 19 14 56 56
0457_0018_0039_0055_0055.jpg 1 18 39 55 55
0458_0033_0030_0062_0062.jpg 1 33 30 62 62
0459_0010_0048_0037_0037.jpg 1 10 48 37 37
0460_0047_0010_0030_0030.jpg 1 47 10 30 30
0461_0043_0030_0032_0032.jpg 1 43 30 32 32
0462_0026_0015_0055_0055.jpg 1 26 15 55 55
0463_0026_0031_0024_0024.jpg 1 26 31 24 24
0464_0013_0016_0056_0056.jpg 1 13 16 56 56
0465_0043_0042_0047_0047.jpg 1 43 42 47 47
0466_0040_0046_0047_0047.jpg 1 40 46 47 47
0467_0007_0015_0062_0062.jpg 1 7 15 62 62
0468_0036_0015_0055_0055.jpg 1 36 15 55 55
0469_0044_0011_0028_0028.jpg 1 44 11 28 28
0470_0019_0036_0053_0053.jpg 1 19 36 53 53
0471_0040_0015_0035_0035.jpg 1 40 15 35 35
0472_0021_0036_0052_0052.jpg 1 21 36 52 52
0473_0004_0018_0056_0056.jpg 1 4 18 56 56
0474_0009_0060_0031_0031.jpg 1 9 60 31 31
0475_0018_0011_0069_0069.jpg 1 18 11 69 69
0476_0020_0050_0043_0043.jpg 1 20 50 43 43
0477_0004_0017_0060_0060.jpg 1 4 17 60 60
0478_0018_0059_0028_0028.jpg 1 18 59 28 28
0479_0022_0013_0068_0068.jpg 1 22 13 68 68
0480_0029_0027_0053_0053.jpg 1 29 27 53 53
0481_0028_0031_0037_0037.jpg 1 28 31 37 37
0482_0012_0043_0045_0045.jpg 1 12 43 45 45
0483_0038_0033_0032_0032.jpg 1 38 33 32 32
0484_0063_0042_0027_0027.jpg 1 63 42 27 27
0485_0005_0024_0046_0046.jpg 1 5 24 46 46
0486_0027_0028_0059_0059.jpg 1 27 28 59 59
0487_0061_0012_0026_0026.jpg 1 61 12 26 26
0488_0050_0013_0035_0035.jpg 1 50 13 35 35
0489_0009_0008_0039_0039.jpg 1 9 8 39 39
0490_0008_0011_0045_0045.jpg 1 8 11 45 45
0491_0018_0006_0057_0057.jpg 1 18 6 57 57
0492_0023_0012_0024_0024.jpg 1 23 12 24 24
0493_0016_0009_0054_0054.jpg 1 16 9 54 54
0494_0020_0033_0048_0048.jpg 1 20 33 48 48
0495_0028_0014_0055_0055.jpg 1 28 14 55 55
0496_0017_0013_0053_0053.jpg 1 17 13 53 53
0497_0010_0006_0043_0043.jpg 1 10 6 43 43
0498_0015_0006_0047_0047.jpg 1 15 6 47 47
0499_0012_0028_0062_0062.jpg 1 12 28 62 62
0500_0012_0015_0044_0044.jpg 1 12 15 44 44
0501_0014_0008_0031_0031.jpg 1 14 8 31 31
0502_0008_0027_0055_0055.jpg 1 8 27 55 55
0503_0036_0030_0045_0045.jpg 1 36 30 45 45
0504_0022_0020_0063_0063.jpg 1 22 20 63 63
0505_0034_0032_0039_0039.jpg 1 34 32 39 39
0506_0027_0012_0041_0041.jpg 1 27 12 41 41
0507_0028_0007_0043_0043.jpg 1 28 7 43 43
0508_0058_0007_0030_0030.jpg 1 58 7 30 30
0509_0016_0030_0065_0065.jpg 1 16 30 65 65
0510_0026_0026_0064_0064.jpg 1 26 26 64 64
0511_0047_0014_0047_0047.jpg 1 47 14 47 47
0512_0015_0035_0059_0059.jpg 1 15 35 59 59
0513_0032_0015_0059_0059.jpg 1 32 15 59 59
0514_0018_0023_0061_0061.jpg 1 18 23 61 61
0515_0034_0005_0055_0055.jpg 1 34 5 55 55
0516_0011_0012_0060_0060.jpg 1 11 12 60 60
0517_0010_0027_0030_0030.jpg 1 10 27 30 30
0518_0005_0020_0063_0063.jpg 1 5 20 63 63
0519_0053_0046_0040_0040.jpg 1 53 46 40 40
0520_0043_0030_0049_0049.jpg 1 43 30 49 49
0521_0014_0023_0059_0059.jpg 1 14 23 59 59
0522_0017_0019_0062_0062.jpg 1 17 19 62 62
0523_0017_0012_0069_0069.jpg 1 17 12 69 69
0524_0011_0029_0044_0044.jpg 1 11 29 44 44
0525_0030_0011_0048_0048.jpg 1 30 11 48 48
0526_0029_0058_0035_0035.jpg 1 29 58 35 35
0527_0016_0006_0065_0065.jpg 1 16 6 65 65
0528_0012_0038_0035_0035.jpg 1 12 38 35 35
0529_0011_0037_0048_0048.jpg 1 11 37 48 48
0530_0009_0027_0069_0069.jpg 1 9 27 69 69
0531_0004_0023_0061_0061.jpg 1 4 23 61 61
0532_0044_0014_0040_0040.jpg 1 44 14 40 40
0533_0023_0054_0027_0027.jpg 1 23 54 27 27
0534_0016_0044_0041_0041.jpg 1 16 44 41 41
0535_0037_0014_0052_0052.jpg 1 37 14 52 52
0536_0008_0015_0058_0058.jpg 1 8 15 58 58
0537_0025_0016_0044_0044.jpg 1 25 16 44 44
0538_0005_0023_0068_0068.jpg 1 5 23 68 68
0539_0024_0047_0041_0041.jpg 1 24 47 41 41
0540_0042_0038_0032_0032.jpg 1 42 38 32 32
0541_0018_0035_0054_0054.jpg 1 18 35 54 54
0542_0025_0021_0062_0062.jpg 1 25 21 62 62
0543_0037_0032_0056_0056.jpg 1 37 32 56 56
0544_0029_0035_0057_0057.jpg 1 29 35 57 57
0545_0019_0012_0065_0065.jpg 1 19 12 65 65
0546_0017_0010_0066_0066.jpg 1 17 10 66 66
0547_0013_0015_0061_0061.jpg 1 13 15 61 61
0548_0015_0036_0031_0031.jpg 1 15 36 31 31
0549_0040_0048_0027_0027.jpg 1 40 48 27 27
0550_0010_0010_0060_0060.jpg 1 10 10 60 60
0551_0005_0024_0068_0068.jpg 1 5 24 68 68
0552_0032_0007_0035_0035.jpg 1 32 7 35 35
0553_0028_0044_0051_0051.jpg 1 28 44 51 51
0554_0051_0035_0027_0027.jpg 1 51 35 27 27
0555_0028_0034_0026_0026.jpg 1 28 34 26 26
0556_0021_0045_0047_0047.jpg 1 21 45 47 47
0557_0018_0015_0060_0060.jpg 1 18 15 60 60
0558_0031_0016_0052_0052.jpg 1 31 16 52 52
0559_0008_0024_0061_0061.jpg 1 8 24 61 61
0560_0010_0026_0066_0066.jpg 1 10 26 66 66
0561_0019_0005_0067_0067.jpg 1 19 5 67 67
0562_0013_0009_0058_0058.jpg 1 13 9 58 58
0563_0022_0039_0050_0050.jpg 1 22 39 50 50
0564_0049_0050_0040_0040.jpg 1 49 50 40 40
0565_0041_0010_0034_0034.jpg 1 41 10 34 34
0566_0048_0023_0043_0043.jpg 1 48 23 43 43
0567_0004_0011_0066_0066.jpg 1 4 11 66 66
0568_0042_0014_0051_0051.jpg 1 42 14 51 51
0569_0006_0021_0051_0051.jpg 1 6 21 51 51
0570_0009_0050_0043_0043.jpg 1 9 50 43 43
0571_0023_0041_0051_0051.jpg 1 23 41 51 51
0572_0034_0011_0024_0024.jpg 1 34 11 24 24
0573_0025_0017_0034_0034.jpg 1 25 17 34 34
0574_0010_0032_0047_0047.jpg 1 10 32 47 47
0575_0029_0033_0045_0045.jpg 1 29 33 45 45
0576_0035_0010_0060_0060.jpg 1 35 10 60 60
0577_0050_0036_0033_0033.jpg 1 50 36 33 33
0578_0026_0018_0035_0035.jpg 1 26 18 35 35
0579_0009_0026_0026_0026.jpg 1 9 26 26 26
0580_0027_0018_0061_0061.jpg 1 27 18 61 61
0581_0015_0011_0064_0064.jpg 1 15 11 64 64
0582_0012_0033_0049_0049.jpg 1 12 33 49 49
0583_0026_0048_0039_0039.jpg 1 26 48 39 39
0584_0030_0038_0029_0029.jpg 1 30 38 29 29
0585_0060_0045_0032_0032.jpg 1 60 45 32 32
0586_0020_0003_0067_0067.jpg 1 20 3 67 67
0587_0045_0019_0035_0035.jpg 1 45 19 35 35
0588_0012_0018_0068_0068.jpg 1 12 18 68 68
0589_0006_0013_0050_0050.jpg 1 6 13 50 50
0590_0029_0038_0027_0027.jpg 1 29 38 27 27
0591_0011_0007_0049_0049.jpg 1 11 7 49 49
0592_0045_0046_0048_0048.jpg 1 45 46 48 48
0593_0009_0011_0063_0063.jpg 1 9 11 63 63
0594_0039_0064_0028_0028.jpg 1 39 64 28 28
0595_0033_0013_0046_0046.jpg 1 33 13 46 46
0596_0031_0022_0064_0064.jpg 1 31 22 64 64
0597_0057_0060_0027_0027.jpg 1 57 60 27 27
0598_0025_0015_0030_0030.jpg 1 25 15 30 30
0599_0031_0023_0063_0063.jpg 1 31 23 63 63
0600_0026_0006_0061_0061.jpg 1 26 6 61 61
0601_0022_0023_0049_0049.jpg 1 22 23 49 49
0602_0043_0011_0030_0030.jpg 1 43 11 30 30
0603_0032_0064_0027_0027.jpg 1 32 64 27 27
0604_0028_0042_0047_0047.jpg 1 28 42 47 47
0605_0006_0010_0054_0054.jpg 1 6 10 54 54
0606_0008_0026_0037_0037.jpg 1 8 26 37 37
0607_0052_0032_0034_0034.jpg 1 52 32 34 34
0608_0040_0019_0029_0029.jpg 1 40 19 29 29
0609_0024_0011_0067_0067.jpg 1 24 11 67 67
0610_0013_0045_0045_0045.jpg 1 13 45 45 45
0611_0005_0025_0052_0052.jpg 1 5 25 52 52
0612_0007_0036_0042_0042.jpg 1 7 36 42 42
0613_0010_0046_0043_0043.jpg 1 10 46 43 43
0614_0024_0048_0028_0028.jpg 1 24 48 28 28
0615_0021_0042_0053_0053.jpg 1 21 42 53 53
0616_0018_0006_0058_0058.jpg 1 18 6 58 58
0617_0027_0023_0058_0058.jpg 1 27 23 58 58
0618_0032_0026_0056_0056.jpg 1 32 26 56 56
0619_0028_0019_0068_0068.jpg 1 28 19 68 68
0620_0034_0041_0030_0030.jpg 1 34 41 30 30
0621_0018_0012_0066_0066.jpg 1 18 12 66 66
0622_0020_0021_0051_0051.jpg 1 20 21 51 51
0623_0018_0011_0068_0068.jpg 1 18 11 68 68
0624_0020_0017_0062_0062.jpg 1 20 17 62 62
0625_0053_0053_0038_0038.jpg 1 53 53 38 38
0626_0029_0030_0058_0058.jpg 1 29 30 58 58
0627_0033_0046_0027_0027.jpg 1 33 46 27 27
0628_0027_0043_0028_0028.jpg 1 27 43 28 28
0629_0027_0016_0049_0049.jpg 1 27 16 49 49
0630_0014_0029_0031_0031.jpg 1 14 29 31 31
0631_0008_0018_0068_0068.jpg 1 8 18 68 68
0632_0007_0006_0069_0069.jpg 1 7 6 69 69
0633_0028_0026_0056_0056.jpg 1 28 26 56 56
0634_0028_0039_0047_0047.jpg 1 28 39 47 47
0635_0028_0022_0067_0067.jpg 1 28 22 67 67
0636_0039_0050_0030_0030.jpg 1 39 50 30 30
0637_0016_0048_0026_0026.jpg 1 16 48 26 26
0638_0005_0008_0043_0043.jpg 1 5 8 43 43
0639_0027_0011_0059_0059.jpg 1 27 11 59 59
0640_0023_0031_0045_0045.jpg 1 23 31 45 45
0641_0014_0036_0054_0054.jpg 1 14 36 54 54
0642_0018_0028_0036_0036.jpg 1 18 28 36 36
0643_0035_0016_0046_0046.jpg 1 35 16 46 46
0644_0017_0022_0062_0062.jpg 1 17 22 62 62
0645_0023_0019_0060_0060.jpg 1 23 19 60 60
0646_0017_0006_0066_0066.jpg 1 17 6 66 66
0647_0042_0053_0026_0026.jpg 1 42 53 26 26
0648_0021_0005_0050_0050.jpg 1 21 5 50 50
0649_0015_0008_0044_0044.jpg 1 15 8 44 44
0650_0021_0029_0066_0066.jpg 1 21 29 66 66
0651_0004_0006_0069_0069.jpg 1 4 6 69 69
0652_0026_0034_0061_0061.jpg 1 26 34 61 61
0653_0004_0013_0059_0059.jpg 1 4 13 59 59
0654_0018_0006_0063_0063.jpg 1 18 6 63 63
0655_0004_0020_0056_0056.jpg 1 4 20 56 56
0656_0049_0031_0033_0033.jpg 1 49 31 33 33
0657_0042_0030_0033_0033.jpg 1 42 30 33 33
0658_0030_0020_0066_0066.jpg 1 30 20 66 66
0659_0044_0006_0046_0046.jpg 1 44 6 46 46
0660_0011_0027_0045_0045.jpg 1 11 27 45 45
0661_0028_0023_0067_0067.jpg 1 28 23 67 67
0662_0029_0029_0066_0066.jpg 1 29 29 66 66
0663_0014_0010_0056_0056.jpg 1 14 10 56 56
0664_0012_0023_0052_0052.jpg 1 12 23 52 52
0665_0039_0029_0051_0051.jpg 1 39 29 51 51
0666_0014_0027_0069_0069.jpg 1 14 27 69 69
0667_0037_0009_0045_0045.jpg 1 37 9 45 45
0668_0026_0037_0033_0033.jpg 1 26 37 33 33
0669_0041_0045_0047_0047.jpg 1 41 45 47 47
0670_0051_0058_0025_0025.jpg 1 51 58 25 25
0671_0025_0027_0027_0027.jpg 1 25 27 27 27
0672_0012_0026_0065_0065.jpg 1 12 26 65 65
0673_0018_0047_0036_0036.jpg 1 18 47 36 36
0674_0040_0017_0036_0036.jpg 1 40 17 36 36
0675_0066_0061_0025_0025.jpg 1 66 61 25 25
0676_0021_0039_0056_0056.jpg 1 21 39 56 56
0677_0017_0011_0057_0057.jpg 1 17 11 57 57
0678_0027_0004_0057_0057.jpg 1 27 4 57 57
0679_0023_0019_0037_0037.jpg 1 23 19 37 37
0680_0027_0041_0035_0035.jpg 1 27 41 35 35
0681_0011_0010_0056_0056.jpg 1 11 10 56 56
0682_0016_0027_0067_0067.jpg 1 16 27 67 67
0683_0034_0028_0052_0052.jpg 1 34 28 52 52
0684_0041_0015_0033_0033.jpg 1 41 15 33 33
0685_0027_0019_0068_0068.jpg 1 27 19 68 68
0686_0015_0061_0031_0031.jpg 1 15 61 31 31
0687_0032_0022_0029_0029.jpg 1 32 22 29 29
0688_0025_0003_0068_0068.jpg 1 25 3 68 68
0689_0044_0064_0024_0024.jpg 1 44 64 24 24
0690_0037_0037_0054_0054.jpg 1 37 37 54 54
0691_0018_0062_0025_0025.jpg 1 18 62 25 25
0692_0012_0043_0041_0041.jpg 1 12 43 41 41
0693_0026_0005_0055_0055.jpg 1 26 5 55 55
0694_0012_0017_0058_0058.jpg 1 12 17 58 58
0695_0004_0018_0059_0059.jpg 1 4 18 59 59
0696_0015_0023_0053_0053.jpg 1 15 23 53 53
0697_0033_0006_0058_0058.jpg 1 33 6 58 58
0698_0008_0041_0037_0037.jpg 1 8 41 37 37
0699_0013_0036_0051_0051.jpg 1 13 36 51 51
0700_0051_0021_0037_0037.jpg 1 51 21 37 37
0701_0010_0012_0049_0049.jpg 1 10 12 49 49
0702_0020_0027_0055_0055.jpg 1 20 27 55 55
0703_0033_0042_0037_0037.jpg 1 33 42 37 37
0704_0020_0025_0053_0053.jpg 1 20 25 53 53
0705_0006_0007_0039_0039.jpg 1 6 7 39 39
0706_0009_0024_0028_0028.jpg 1 9 24 28 28
0707_0040_0018_0033_0033.jpg 1 40 18 33 33
0708_0035_0034_0053_0053.jpg 1 35 34 53 53
0709_0009_0004_0065_0065.jpg 1 9 4 65 65
0710_0035_0041_0034_0034.jpg 1 35 41 34 34
0711_0030_0029_0060_0060.jpg 1 30 29 60 60
0712_0014_0030_0065_0065.jpg 1 14 30 65 65
0713_0024_0013_0035_0035.jpg 1 24 13 35 35
0714_0030_0052_0025_0025.jpg 1 30 52 25 25
0715_0010_0019_0051_0051.jpg 1 10 19 51 51
0716_0050_0026_0038_0038.jpg 1 50 26 38 38
0717_0027_0028_0050_0050.jpg 1 27 28 50 50
0718_0045_0009_0047_0047.jpg 1 45 9 47 47
0719_0057_0033_0026_0026.jpg 1 57 33 26 26
0720_0045_0038_0033_0033.jpg 1 45 38 33 33
0721_0008_0007_0035_0035.jpg 1 8 7 35 35
0722_0037_0029_0051_0051.jpg 1 37 29 51 51
0723_0025_0015_0069_0069.jpg 1 25 15 69 69
0724_0006_0005_0056_0056.jpg 1 6 5 56 56
0725_0015_0004_0062_0062.jpg 1 15 4 62 62
0726_0009_0014_0068_0068.jpg 1 9 14 68 68
0727_0028_0023_0062_0062.jpg 1 28 23 62 62
0728_0012_0009_0069_0069.jpg 1 12 9 69 69
0729_0022_0004_0057_0057.jpg 1 22 4 57 57
0730_0015_0005_0049_0049.jpg 1 15 5 49 49
0731_0030_0056_0032_0032.jpg 1 30 56 32 32
0732_0028_0010_0038_0038.jpg 1 28 10 38 38
0733_0040_0024_0050_0050.jpg 1 40 24 50 50
0734_0025_0007_0064_0064.jpg 1 25 7 64 64
0735_0009_0039_0033_0033.jpg 1 9 39 33 33
0736_0051_0019_0037_0037.jpg 1 51 19 37 37
0737_0015_0036_0047_0047.jpg 1 15 36 47 47
0738_0015_0005_0054_0054.jpg 1 15 5 54 54
0739_0014_0007_0043_0043.jpg 1 14 7 43 43
0740_0008_0020_0060_0060.jpg 1 8 20 60 60
0741_0017_0016_0034_0034.jpg 1 17 16 34 34
0742_0065_0025_0027_0027.jpg 1 65 25 27 27
0743_0026_0038_0040_0040.jpg 1 26 38 40 40
0744_0060_0042_0030_0030.jpg 1 60 42 30 30
0745_0022_0022_0063_0063.jpg 1 22 22 63 63
0746_0016_0045_0030_0030.jpg 1 16 45 30 30
0747_0052_0038_0029_0029.jpg 1 52 38 29 29
0748_0023_0052_0024_0024.jpg 1 23 52 24 24
0749_0018_0005_0063_0063.jpg 1 18 5 63 63
0750_0011_0035_0051_0051.jpg 1 11 35 51 51
0751_0006_0008_0055_0055.jpg 1 6 8 55 55
0752_0021_0007_0067_0067.jpg 1 21 7 67 67
0753_0019_0025_0041_0041.jpg 1 19 25 41 41
0754_0033_0024_0037_0037.jpg 1 33 24 37 37
0755_0032_0052_0037_0037.jpg 1 32 52 37 37
0756_0009_0029_0032_0032.jpg 1 9 29 32 32
0757_0020_0022_0065_0065.jpg 1 20 22 65 65
0758_0019_0006_0046_0046.jpg 1 19 6 46 46
0759_0023_0037_0054_0054.jpg 1 23 37 54 54
0760_0019_0037_0057_0057.jpg 1 19 37 57 57
0761_0039_0010_0025_0025.jpg 1 39 10 25 25
0762_0015_0021_0046_0046.jpg 1 15 21 46 46
0763_0004_0034_0060_0060.jpg 1 4 34 60 60
0764_0031_0055_0031_0031.jpg 1 31 55 31 31
0765_0042_0012_0039_0039.jpg 1 42 12 39 39
0766_0023_0018_0057_0057.jpg 1 23 18 57 57
0767_0019_0049_0029_0029.jpg 1 19 49 29 29
0768_0015_0026_0058_0058.jpg 1 15 26 58 58
0769_0027_0022_0026_0026.jpg 1 27 22 26 26
0770_0020_0035_0057_0057.jpg 1 20 35 57 57
0771_0045_0031_0042_0042.jpg 1 45 31 42 42
0772_0012_0007_0047_0047.jpg 1 12 7 47 47
0773_0040_0031_0039_0039.jpg 1 40 31 39 39
0774_0054_0051_0035_0035.jpg 1 54 51 35 35
0775_0024_0023_0050_0050.jpg 1 24 23 50 50
0776_0048_0037_0043_0043.jpg 1 48 37 43 43
0777_0037_0050_0035_0035.jpg 1 37 50 35 35
0778_0016_0028_0062_0062.jpg 1 16 28 62 62
0779_0039_0006_0034_0034.jpg 1 39 6 34 34
0780_0023_0036_0041_0041.jpg 1 23 36 41 41
0781_0064_0030_0025_0025.jpg 1 64 30 25 25
0782_0024_0034_0058_0058.jpg 1 24 34 58 58
0783_0049_0006_0037_0037.jpg 1 49 6 37 37
0784_0021_0025_0064_0064.jpg 1 21 25 64 64
0785_0022_0010_0066_0066.jpg 1 22 10 66 66
0786_0020_0033_0061_0061.jpg 1 20 33 61 61
0787_0013_0029_0067_0067.jpg 1 13 29 67 67
0788_0050_0038_0024_0024.jpg 1 50 38 24 24
0789_0033_0028_0063_0063.jpg 1 33 28 63 63
0790_0027_0026_0056_0056.jpg 1 27 26 56 56
0791_0028_0024_0050_0050.jpg 1 28 24 50 50
0792_0046_0038_0048_0048.jpg 1 46 38 48 48
0793_0027_0019_0031_0031.jpg 1 27 19 31 31
0794_0025_0016_0060_0060.jpg 1 25 16 60 60
0795_0007_0015_0051_0051.jpg 1 7 15 51 51
0796_0043_0040_0051_0051.jpg 1 43 40 51 51
0797_0044_0045_0045_0045.jpg 1 44 45 45 45
0798_0053_0006_0040_0040.jpg 1 53 6 40 40
0799_0023_0033_0029_0029.jpg 1 23 33 29 29
0800_0032_0035_0051_0051.jpg 1 32 35 51 51
0801_0046_0026_0036_0036.jpg 1 46 26 36 36
0802_0054_0043_0035_0035.jpg 1 54 43 35 35
0803_0027_0016_0061_0061.jpg 1 27 16 61 61
0804_0041_0016_0027_0027.jpg 1 41 16 27 27
0805_0006_0014_0064_0064.jpg 1 6 14 64 64
0806_0033_0051_0024_0024.jpg 1 33 51 24 24
0807_0048_0019_0029_0029.jpg 1 48 19 29 29
0808_0012_0047_0042_0042.jpg 1 12 47 42 42
0809_0064_0026_0024_0024.jpg 1 64 26 24 24
0810_0007_0018_0046_0046.jpg 1 7 18 46 46
0811_0039_0030_0055_0055.jpg 1 39 30 55 55
0812_0018_0038_0051_0051.jpg 1 18 38 51 51
0813_0020_0009_0044_0044.jpg 1 20 9 44 44
0814_0042_0024_0045_0045.jpg 1 42 24 45 45
0815_0009_0025_0055_0055.jpg 1 9 25 55 55
0816_0038_0046_0039_0039.jpg 1 38 46 39 39
0817_0036_0024_0049_0049.jpg 1 36 24 49 49
0818_0005_0030_0058_0058.jpg 1 5 30 58 58
0819_0012_0023_0050_0050.jpg 1 12 23 50 50
0820_0056_0044_0027_0027.jpg 1 56 44 27 27
0821_0033_0028_0041_0041.jpg 1 33 28 41 41
0822_0031_0025_0063_0063.jpg 1 31 25 63 63
0823_0020_0025_0060_0060.jpg 1 20 25 60 60
0824_0021_0030_0030_0030.jpg 1 21 30 30 30
0825_0010_0003_0068_0068.jpg 1 10 3 68 68
0826_0043_0018_0044_0044.jpg 1 43 18 44 44
0827_0037_0006_0046_0046.jpg 1 37 6 46 46
0828_0011_0055_0030_0030.jpg 1 11 55 30 30
0829_0029_0032_0037_0037.jpg 1 29 32 37 37
0830_0038_0014_0039_0039.jpg 1 38 14 39 39
0831_0007_0058_0030_0030.jpg 1 7 58 30 30
0832_0024_0016_0067_0067.jpg 1 24 16 67 67
0833_0024_0006_0066_0066.jpg 1 24 6 66 66
0834_0025_0020_0051_0051.jpg 1 25 20 51 51
0835_0013_0038_0044_0044.jpg 1 13 38 44 44
0836_0031_0017_0059_0059.jpg 1 31 17 59 59
0837_0022_0029_0064_0064.jpg 1 22 29 64 64
0838_0027_0004_0054_0054.jpg 1 27 4 54 54
0839_0058_0037_0027_0027.jpg 1 58 37 27 27
0840_0025_0017_0041_0041.jpg 1 25 17 41 41
0841_0028_0040_0034_0034.jpg 1 28 40 34 34
0842_0031_0034_0051_0051.jpg 1 31 34 51 51
0843_0016_0049_0026_0026.jpg 1 16 49 26 26
0844_0019_0035_0026_0026.jpg 1 19 35 26 26
0845_0016_0024_0068_0068.jpg 1 16 24 68 68
0846_0008_0030_0062_0062.jpg 1 8 30 62 62
0847_0016_0037_0053_0053.jpg 1 16 37 53 53
0848_0059_0034_0024_0024.jpg 1 59 34 24 24
0849_0014_0011_0060_0060.jpg 1 14 11 60 60
0850_0022_0014_0025_0025.jpg 1 22 14 25 25
0851_0052_0064_0027_0027.jpg 1 52 64 27 27
0852_0058_0028_0032_0032.jpg 1 58 28 32 32
0853_0022_0020_0055_0055.jpg 1 22 20 55 55
0854_0025_0026_0042_0042.jpg 1 25 26 42 42
0855_0009_0029_0053_0053.jpg 1 9 29 53 53
0856_0034_0024_0048_0048.jpg 1 34 24 48 48
0857_0015_0029_0027_0027.jpg 1 15 29 27 27
0858_0018_0020_0065_0065.jpg 1 18 20 65 65
0859_0050_0033_0028_0028.jpg 1 50 33 28 28
0860_0027_0012_0067_0067.jpg 1 27 12 67 67
0861_0015_0005_0062_0062.jpg 1 15 5 62 62
0862_0064_0056_0026_0026.jpg 1 64 56 26 26
0863_0031_0043_0031_0031.jpg 1 31 43 31 31
0864_0023_0021_0056_0056.jpg 1 23 21 56 56
0865_0004_0034_0059_0059.jpg 1 4 34 59 59
0866_0046_0026_0028_0028.jpg 1 46 26 28 28
0867_0032_0017_0053_0053.jpg 1 32 17 53 53
0868_0025_0022_0053_0053.jpg 1 25 22 53 53
0869_0054_0050_0027_0027.jpg 1 54 50 27 27
0870_0030_0021_0046_0046.jpg 1 30 21 46 46
0871_0037_0034_0045_0045.jpg 1 37 34 45 45
0872_0027_0009_0038_0038.jpg 1 27 9 38 38
0873_0015_0026_0064_0064.jpg 1 15 26 64 64
0874_0051_0020_0025_0025.jpg 1 51 20 25 25
0875_0044_0012_0028_0028.jpg 1 44 12 28 28
0876_0017_0026_0054_0054.jpg 1 17 26 54 54
0877_0031_0035_0041_0041.jpg 1 31 35 41 41
0878_0028_0006_0045_0045.jpg 1 28 6 45 45
0879_0041_0019_0040_0040.jpg 1 41 19 40 40
0880_0036_0006_0044_0044.jpg 1 36 6 44 44
0881_0008_0016_0069_0069.jpg 1 8 16 69 69
0882_0028_0027_0062_0062.jpg 1 28 27 62 62
0883_0048_0033_0040_0040.jpg 1 48 33 40 40
0884_0020_0051_0025_0025.jpg 1 20 51 25 25
0885_0015_0025_0043_0043.jpg 1 15 25 43 43
0886_0020_0006_0062_0062.jpg 1 20 6 62 62
0887_0044_0021_0048_0048.jpg 1 44 21 48 48
0888_0007_0027_0052_0052.jpg 1 7 27 52 52
0889_0048_0037_0037_0037.jpg 1 48 37 37 37
0890_0008_0029_0066_0066.jpg 1 8 29 66 66
0891_0026_0016_0062_0062.jpg 1 26 16 62 62
0892_0043_0047_0035_0035.jpg 1 43 47 35 35
0893_0032_0055_0038_0038.jpg 1 32 55 38 38
0894_0011_0016_0057_0057.jpg 1 11 16 57 57
0895_0026_0044_0039_0039.jpg 1 26 44 39 39
0896_0031_0042_0038_0038.jpg 1 31 42 38 38
0897_0004_0024_0062_0062.jpg 1 4 24 62 62
0898_0023_0007_0063_0063.jpg 1 23 7 63 63
0899_0021_0024_0067_0067.jpg 1 21 24 67 67
0900_0019_0014_0060_0060.jpg 1 19 14 60 60
0901_0026_0035_0045_0045.jpg 1 26 35 45 45
0902_0034_0011_0061_0061.jpg 1 34 11 61 61
0903_0023_0012_0056_0056.jpg 1 23 12 56 56
0904_0008_0015_0066_0066.jpg 1 8 15 66 66
0905_0036_0009_0025_0025.jpg 1 36 9 25 25
0906_0031_0042_0034_0034.jpg 1 31 42 34 34
0907_0031_0028_0041_0041.jpg 1 31 28 41 41
0908_0020_0034_0035_0035.jpg 1 20 34 35 35
0909_0027_0053_0034_0034.jpg 1 27 53 34 34
0910_0058_0019_0032_0032.jpg 1 58 19 32 32
0911_0034_0011_0040_0040.jpg 1 34 11 40 40
0912_0031_0030_0065_0065.jpg 1 31 30 65 65
0913_0007_0025_0050_0050.jpg 1 7 25 50 50
0914_0054_0051_0030_0030.jpg 1 54 51 30 30
0915_0009_0030_0039_0039.jpg 1 9 30 39 39
0916_0019_0010_0065_0065.jpg 1 19 10 65 65
0917_0018_0037_0031_0031.jpg 1 18 37 31 31
0918_0034_0036_0055_0055.jpg 1 34 36 55 55
0919_0016_0007_0052_0052.jpg 1 16 7 52 52
0920_0030_0006_0034_0034.jpg 1 30 6 34 34
0921_0006_0031_0061_0061.jpg 1 6 31 61 61
0922_0035_0005_0054_0054.jpg 1 35 5 54 54
0923_0037_0013_0029_0029.jpg 1 37 13 29 29
0924_0021_0005_0068_0068.jpg 1 21 5 68 68
0925_0034_0032_0057_0057.jpg 1 34 32 57 57
0926_0008_0022_0054_0054.jpg 1 8 22 54 54
0927_0008_0010_0069_0069.jpg 1 8 10 69 69
0928_0049_0055_0029_0029.jpg 1 49 55 29 29
0929_0025_0006_0065_0065.jpg 1 25 6 65 65
0930_0019_0022_0064_0064.jpg 1 19 22 64 64
0931_0036_0020_0050_0050.jpg 1 36 20 50 50
0932_0037_0048_0032_0032.jpg 1 37 48 32 32
0933_0030_0021_0063_0063.jpg 1 30 21 63 63
0934_0017_0039_0055_0055.jpg 1 17 39 55 55
0935_0033_0009_0055_0055.jpg 1 33 9 55 55
0936_0014_0039_0048_0048.jpg 1 14 39 48 48
0937_0046_0028_0024_0024.jpg 1 46 28 24 24
0938_0014_0028_0027_0027.jpg 1 14 28 27 27
0939_0027_0054_0033_0033.jpg 1 27 54 33 33
0940_0021_0008_0069_0069.jpg 1 21 8 69 69
0941_0032_0020_0047_0047.jpg 1 32 20 47 47
0942_0037_0036_0048_0048.jpg 1 37 36 48 48
0943_0016_0039_0043_0043.jpg 1 16 39 43 43
0944_0035_0048_0045_0045.jpg 1 35 48 45 45
0945_0026_0035_0058_0058.jpg 1 26 35 58 58
0946_0014_0037_0052_0052.jpg 1 14 37 52 52
0947_0012_0019_0065_0065.jpg 1 12 19 65 65
0948_0036_0042_0040_0040.jpg 1 36 42 40 40
0949_0016_0009_0065_0065.jpg 1 16 9 65 65
0950_0049_0054_0039_0039.jpg 1 49 54 39 39
0951_0015_0034_0060_0060.jpg 1 15 34 60 60
0952_0058_0056_0035_0035.jpg 1 58 56 35 35
0953_0058_0046_0027_0027.jpg 1 58 46 27 27
0954_0016_0035_0055_0055.jpg 1 16 35 55 55
0955_0013_0034_0040_0040.jpg 1 13 34 40 40
0956_0040_0040_0037_0037.jpg 1 40 40 37 37
0957_0030_0021_0052_0052.jpg 1 30 21 52 52
0958_0021_0043_0045_0045.jpg 1 21 43 45 45
0959_0036_0039_0048_0048.jpg 1 36 39 48 48
0960_0018_0019_0033_0033.jpg 1 18 19 33 33
0961_0007_0004_0063_0063.jpg 1 7 4 63 63
0962_0063_0036_0027_0027.jpg 1 63 36 27 27
0963_0039_0031_0051_0051.jpg 1 39 31 51 51
0964_0021_0036_0043_0043.jpg 1 21 36 43 43
0965_0035_0029_0046_0046.jpg 1 35 29 46 46
0966_0034_0038_0045_0045.jpg 1 34 38 45 45
0967_0019_0006_0066_0066.jpg 1 19 6 66 66
0968_0042_0027_0046_0046.jpg 1 42 27 46 46
0969_0048_0025_0040_0040.jpg 1 48 25 40 40
0970_0011_0011_0053_0053.jpg 1 11 11 53 53
0971_0010_0027_0069_0069.jpg 1 10 27 69 69
0972_0062_0029_0025_0025.jpg 1 62 29 25 25
0973_0045_0028_0026_0026.jpg 1 45 28 26 26
0974_0050_0016_0031_0031.jpg 1 50 16 31 31
0975_0057_0059_0028_0028.jpg 1 57 59 28 28
0976_0051_0045_0024_0024.jpg 1 51 45 24 24
0977_0049_0011_0038_0038.jpg 1 49 11 38 38
0978_0010_0023_0047_0047.jpg 1 10 23 47 47
0979_0036_0018_0044_0044.jpg 1 36 18 44 44
0980_0047_0026_0031_0031.jpg 1 47 26 31 31
0981_0049_0021_0037_0037.jpg 1 49 21 37 37
0982_0021_0040_0054_0054.jpg 1 21 40 54 54
0983_0023_0028_0036_0036.jpg 1 23 28 36 36
0984_0054_0033_0033_0033.jpg 1 54 33 33 33
0985_0037_0011_0057_0057.jpg 1 37 11 57 57
0986_0004_0010_0064_0064.jpg 1 4 10 64 64
0987_0025_0006_0056_0056.jpg 1 25 6 56 56
0988_0019_0005_0064_0064.jpg 1 19 5 64 64
0989_0045_0014_0040_0040.jpg 1 45 14 40 40
0990_0007_0023_0048_0048.jpg 1 7 23 48 48
0991_0041_0025_0051_0051.jpg 1 41 25 51 51
0992_0022_0012_0060_0060.jpg 1 22 12 60 60
0993_0042_0026_0035_0035.jpg 1 42 26 35 35
0994_0030_0046_0045_0045.jpg 1 30 46 45 45
0995_0025_0036_0037_0037.jpg 1 25 36 37 37
0996_0049_0035_0044_0044.jpg 1 49 35 44 44
0997_0016_0006_0069_0069.jpg 1 16 6 69 69
0998_0010_0031_0046_0046.jpg 1 10 31 46 46
0999_0032_0022_0047_0047.jpg 1 32 22 47 47
1000_0020_0032_0050_0050.jpg 1 20 32 50 50
1001_0020_0010_0031_0031.jpg 1 20 10 31 31
1002_0010_0037_0045_0045.jpg 1 10 37 45 45
1003_0022_0009_0053_0053.jpg 1 22 9 53 53
1004_0015_0021_0064_0064.jpg 1 15 21 64 64
1005_0012_0032_0050_0050.jpg 1 12 32 50 50
1006_0038_0016_0034_0034.jpg 1 38 16 34 34
1007_0046_0037_0036_0036.jpg 1 46 37 36 36
1008_0011_0008_0068_0068.jpg 1 11 8 68 68
1009_0057_0058_0034_0034.jpg 1 57 58 34 34
1010_0023_0009_0032_0032.jpg 1 23 9 32 32
1011_0020_0007_0066_0066.jpg 1 20 7 66 66
1012_0012_0010_0065_0065.jpg 1 12 10 65 65
1013_0016_0014_0050_0050.jpg 1 16 14 50 50
1014_0036_0017_0048_0048.jpg 1 36 17 48 48
1015_0025_0016_0069_0069.jpg 1 25 16 69 69
1016_0045_0020_0043_0043.jpg 1 45 20 43 43
1017_0005_0018_0049_0049.jpg 1 5 18 49 49
1018_0018_0006_0066_0066.jpg 1 18 6 66 66
1019_0026_0017_0058_0058.jpg 1 26 17 58 58
1020_0032_0037_0024_0024.jpg 1 32 37 24 24
1021_0036_0036_0055_0055.jpg 1 36 36 55 55
1022_0036_0034_0058_0058.jpg 1 36 34 58 58
1023_0020_0019_0046_0046.jpg 1 20 19 46 46
1024_0044_0037_0041_0041.jpg 1 44 37 41 41
1025_0011_0008_0069_0069.jpg 1 11 8 69 69
1026_0023_0005_0057_0057.jpg 1 23 5 57 57
1027_0030_0017_0063_0063.jpg 1 30 17 63 63
1028_0044_0030_0047_0047.jpg 1 44 30 47 47
1029_0027_0010_0054_0054.jpg 1 27 10 54 54
1030_0016_0008_0057_0057.jpg 1 16 8 57 57
1031_0035_0049_0033_0033.jpg 1 35 49 33 33
1032_0007_0010_0050_0050.jpg 1 7 10 50 50
1033_0017_0046_0036_0036.jpg 1 17 46 36 36
1034_0019_0051_0041_0041.jpg 1 19 51 41 41
1035_0031_0028_0049_0049.jpg 1 31 28 49 49
1036_0012_0025_0046_0046.jpg 1 12 25 46 46
1037_0006_0016_0059_0059.jpg 1 6 16 59 59
1038_0040_0015_0046_0046.jpg 1 40 15 46 46
1039_0011_0020_0069_0069.jpg 1 11 20 69 69
1040_0030_0007_0035_0035.jpg 1 30 7 35 35
1041_0040_0006_0045_0045.jpg 1 40 6 45 45
1042_0038_0035_0032_0032.jpg 1 38 35 32 32
1043_0038_0044_0033_0033.jpg 1 38 44 33 33
1044_0055_0031_0035_0035.jpg 1 55 31 35 35
1045_0041_0029_0030_0030.jpg 1 41 29 30 30
1046_0017_0014_0060_0060.jpg 1 17 14 60 60
1047_0029_0017_0065_0065.jpg 1 29 17 65 65
1048_0009_0018_0040_0040.jpg 1 9 18 40 40
1049_0012_0031_0047_0047.jpg 1 12 31 47 47
1050_0009_0045_0043_0043.jpg 1 9 45 43 43
1051_0032_0043_0026_0026.jpg 1 32 43 26 26
1052_0049_0010_0026_0026.jpg 1 49 10 26 26
1053_0010_0008_0050_0050.jpg 1 10 8 50 50
1054_0005_0032_0049_0049.jpg 1 5 32 49 49
1055_0009_0033_0055_0055.jpg 1 9 33 55 55
1056_0004_0015_0063_0063.jpg 1 4 15 63 63
1057_0067_0011_0025_0025.jpg 1 67 11 25 25
1058_0006_0031_0063_0063.jpg 1 6 31 63 63
1059_0046_0051_0042_0042.jpg 1 46 51 42 42
1060_0013_0029_0063_0063.jpg 1 13 29 63 63
1061_0050_0018_0037_0037.jpg 1 50 18 37 37
1062_0029_0037_0056_0056.jpg 1 29 37 56 56
1063_0043_0020_0047_0047.jpg 1 43 20 47 47
1064_0035_0048_0045_0045.jpg 1 35 48 45 45
1065_0016_0016_0061_0061.jpg 1 16 16 61 61
1066_0054_0041_0036_0036.jpg 1 54 41 36 36
1067_0036_0066_0025_0025.jpg 1 36 66 25 25
1068_0048_0033_0033_0033.jpg 1 48 33 33 33
1069_0033_0011_0032_0032.jpg 1 33 11 32 32
1070_0011_0031_0065_0065.jpg 1 11 31 65 65
1071_0047_0040_0033_0033.jpg 1 47 40 33 33
1072_0008_0026_0053_0053.jpg 1 8 26 53 53
1073_0028_0045_0032_0032.jpg 1 28 45 32 32
1074_0011_0013_0055_0055.jpg 1 11 13 55 55
1075_0020_0023_0061_0061.jpg 1 20 23 61 61
1076_0056_0043_0026_0026.jpg 1 56 43 26 26
1077_0038_0026_0045_0045.jpg 1 38 26 45 45
1078_0014_0026_0061_0061.jpg 1 14 26 61 61
1079_0016_0043_0050_0050.jpg 1 16 43 50 50
1080_0012_0022_0035_0035.jpg 1 12 22 35 35
1081_0021_0010_0036_0036.jpg 1 21 10 36 36
1082_0030_0008_0064_0064.jpg 1 30 8 64 64
1083_0008_0003_0067_0067.jpg 1 8 3 67 67
1084_0019_0018_0054_0054.jpg 1 19 18 54 54
1085_0027_0005_0055_0055.jpg 1 27 5 55 55
1086_0005_0015_0063_0063.jpg 1 5 15 63 63
1087_0039_0022_0050_0050.jpg 1 39 22 50 50
1088_0062_0028_0027_0027.jpg 1 62 28 27 27
1089_0022_0031_0045_0045.jpg 1 22 31 45 45
1090_0043_0034_0045_0045.jpg 1 43 34 45 45
1091_0008_0012_0050_0050.jpg 1 8 12 50 50
1092_0022_0022_0064_0064.jpg 1 22 22 64 64
1093_0038_0007_0042_0042.jpg 1 38 7 42 42
1094_0034_0023_0055_0055.jpg 1 34 23 55 55
1095_0027_0016_0034_0034.jpg 1 27 16 34 34
1096_0006_0019_0044_0044.jpg 1 6 19 44 44
1097_0015_0006_0048_0048.jpg 1 15 6 48 48
1098_0040_0020_0048_0048.jpg 1 40 20 48 48
1099_0029_0033_0062_0062.jpg 1 29 33 62 62
1100_0036_0026_0032_0032.jpg 1 36 26 32 32
1101_0040_0027_0027_0027.jpg 1 40 27 27 27
1102_0049_0059_0024_0024.jpg 1 49 59 24 24
1103_0023_0022_0051_0051.jpg 1 23 22 51 51
1104_0019_0045_0044_0044.jpg 1 19 45 44 44
1105_0047_0048_0026_0026.jpg 1 47 48 26 26
1106_0026_0009_0065_0065.jpg 1 26 9 65 65
1107_0011_0032_0063_0063.jpg 1 11 32 63 63
1108_0012_0010_0039_0039.jpg 1 12 10 39 39
1109_0025_0035_0058_0058.jpg 1 25 35 58 58
1110_0012_0044_0049_0049.jpg 1 12 44 49 49
1111_0015_0025_0050_0050.jpg 1 15 25 50 50
1112_0043_0045_0044_0044.jpg 1 43 45 44 44
1113_0025_0043_0026_0026.jpg 1 25 43 26 26
1114_0026_0026_0042_0042.jpg 1 26 26 42 42
1115_0007_0012_0069_0069.jpg 1 7 12 69 69
1116_0014_0015_0066_0066.jpg 1 14 15 66 66
1117_0024_0008_0057_0057.jpg 1 24 8 57 57
1118_0035_0006_0054_0054.jpg 1 35 6 54 54
1119_0038_0006_0052_0052.jpg 1 38 6 52 52
1120_0036_0032_0040_0040.jpg 1 36 32 40 40
1121_0024_0004_0066_0066.jpg 1 24 4 66 66
1122_0016_0021_0024_0024.jpg 1 16 21 24 24
1123_0037_0042_0047_0047.jpg 1 37 42 47 47
1124_0035_0029_0034_0034.jpg 1 35 29 34 34
1125_0040_0035_0046_0046.jpg 1 40 35 46 46
1126_0028_0009_0042_0042.jpg 1 28 9 42 42
1127_0013_0004_0053_0053.jpg 1 13 4 53 53
1128_0008_0036_0029_0029.jpg 1 8 36 29 29
1129_0049_0014_0027_0027.jpg 1 49 14 27 27
1130_0009_0009_0049_0049.jpg 1 9 9 49 49
1131_0011_0007_0057_0057.jpg 1 11 7 57 57
1132_0024_0015_0039_0039.jpg 1 24 15 39 39
1133_0023_0031_0038_0038.jpg 1 23 31 38 38
1134_0004_0018_0069_0069.jpg 1 4 18 69 69
1135_0006_0006_0055_0055.jpg 1 6 6 55 55
1136_0047_0040_0038_0038.jpg 1 47 40 38 38
1137_0004_0017_0059_0059.jpg 1 4 17 59 59
1138_0015_0006_0041_0041.jpg 1 15 6 41 41
1139_0038_0015_0052_0052.jpg 1 38 15 52 52
1140_0006_0046_0043_0043.jpg 1 6 46 43 43
1141_0023_0004_0066_0066.jpg 1 23 4 66 66
1142_0047_0012_0044_0044.jpg 1 47 12 44 44
1143_0009_0010_0058_0058.jpg 1 9 10 58 58
1144_0012_0019_0043_0043.jpg 1 12 19 43 43
1145_0012_0022_0065_0065.jpg 1 12 22 65 65
1146_0025_0008_0063_0063.jpg 1 25 8 63 63
1147_0042_0011_0051_0051.jpg 1 42 11 51 51
1148_0029_0033_0053_0053.jpg 1 29 33 53 53
1149_0011_0009_0069_0069.jpg 1 11 9 69 69
1150_0005_0014_0062_0062.jpg 1 5 14 62 62
1151_0010_0015_0031_0031.jpg 1 10 15 31 31
1152_0008_0005_0066_0066.jpg 1 8 5 66 66
1153_0033_0014_0059_0059.jpg 1 33 14 59 59
1154_0035_0047_0035_0035.jpg 1 35 47 35 35
1155_0036_0038_0040_0040.jpg 1 36 38 40 40
1156_0037_0049_0036_0036.jpg 1 37 49 36 36
1157_0052_0055_0036_0036.jpg 1 52 55 36 36
1158_0032_0022_0040_0040.jpg 1 32 22 40 40
1159_0031_0014_0063_0063.jpg 1 31 14 63 63
1160_0050_0036_0038_0038.jpg 1 50 36 38 38
1161_0036_0013_0057_0057.jpg 1 36 13 57 57
1162_0017_0023_0029_0029.jpg 1 17 23 29 29
1163_0013_0028_0046_0046.jpg 1 13 28 46 46
1164_0039_0052_0038_0038.jpg 1 39 52 38 38
1165_0013_0006_0036_0036.jpg 1 13 6 36 36
1166_0015_0019_0066_0066.jpg 1 15 19 66 66
1167_0010_0042_0041_0041.jpg 1 10 42 41 41
1168_0031_0013_0059_0059.jpg 1 31 13 59 59
1169_0035_0011_0060_0060.jpg 1 35 11 60 60
1170_0019_0017_0047_0047.jpg 1 19 17 47 47
1171_0016_0020_0065_0065.jpg 1 16 20 65 65
1172_0029_0016_0046_0046.jpg 1 29 16 46 46
1173_0026_0022_0041_0041.jpg 1 26 22 41 41
1174_0020_0047_0041_0041.jpg 1 20 47 41 41
1175_0029_0009_0063_0063.jpg 1 29 9 63 63
1176_0025_0028_0050_0050.jpg 1 25 28 50 50
1177_0019_0018_0067_0067.jpg 1 19 18 67 67
1178_0019_0004_0063_0063.jpg 1 19 4 63 63
1179_0028_0023_0035_0035.jpg 1 28 23 35 35
1180_0007_0014_0050_0050.jpg 1 7 14 50 50
1181_0032_0043_0039_0039.jpg 1 32 43 39 39
1182_0012_0048_0034_0034.jpg 1 12 48 34 34
1183_0012_0032_0039_0039.jpg 1 12 32 39 39
1184_0038_0036_0033_0033.jpg 1 38 36 33 33
1185_0017_0016_0046_0046.jpg 1 17 16 46 46
1186_0037_0030_0048_0048.jpg 1 37 30 48 48
1187_0056_0052_0028_0028.jpg 1 56 52 28 28
1188_0052_0011_0026_0026.jpg 1 52 11 26 26
1189_0014_0029_0057_0057.jpg 1 14 29 57 57
1190_0022_0015_0059_0059.jpg 1 22 15 59 59
1191_0033_0020_0053_0053.jpg 1 33 20 53 53
1192_0031_0014_0056_0056.jpg 1 31 14 56 56
1193_0052_0051_0039_0039.jpg 1 52 51 39 39
1194_0006_0027_0060_0060.jpg 1 6 27 60 60
1195_0017_0021_0050_0050.jpg 1 17 21 50 50
1196_0016_0042_0031_0031.jpg 1 16 42 31 31
1197_0010_0029_0048_0048.jpg 1 10 29 48 48
1198_0037_0008_0051_0051.jpg 1 37 8 51 51
1199_0027_0024_0051_0051.jpg 1 27 24 51 51
1200_0015_0018_0059_0059.jpg 1 15 18 59 59
1201_0025_0009_0064_0064.jpg 1 25 9 64 64
1202_0015_0010_0029_0029.jpg 1 15 10 29 29
1203_0029_0028_0025_0025.jpg 1 29 28 25 25
1204_0035_0008_0028_0028.jpg 1 35 8 28 28
1205_0029_0006_0055_0055.jpg 1 29 6 55 55
1206_0018_0015_0043_0043.jpg 1 18 15 43 43
1207_0032_0026_0054_0054.jpg 1 32 26 54 54
1208_0044_0007_0040_0040.jpg 1 44 7 40 40
1209_0044_0018_0045_0045.jpg 1 44 18 45 45
1210_0019_0028_0058_0058.jpg 1 19 28 58 58
1211_0023_0023_0065_0065.jpg 1 23 23 65 65
1212_0012_0038_0054_0054.jpg 1 12 38 54 54
1213_0029_0048_0026_0026.jpg 1 29 48 26 26
1214_0015_0018_0049_0049.jpg 1 15 18 49 49
1215_0029_0046_0032_0032.jpg 1 29 46 32 32
1216_0040_0024_0033_0033.jpg 1 40 24 33 33
1217_0018_0018_0065_0065.jpg 1 18 18 65 65
1218_0028_0011_0035_0035.jpg 1 28 11 35 35
1219_0022_0044_0042_0042.jpg 1 22 44 42 42
1220_0033_0014_0057_0057.jpg 1 33 14 57 57
1221_0019_0022_0056_0056.jpg 1 19 22 56 56
1222_0034_0011_0039_0039.jpg 1 34 11 39 39
1223_0021_0052_0036_0036.jpg 1 21 52 36 36
1224_0028_0006_0049_0049.jpg 1 28 6 49 49
1225_0013_0038_0050_0050.jpg 1 13 38 50 50
1226_0021_0011_0025_0025.jpg 1 21 11 25 25
1227_0016_0031_0059_0059.jpg 1 16 31 59 59
1228_0018_0037_0040_0040.jpg 1 18 37 40 40
1229_0026_0039_0055_0055.jpg 1 26 39 55 55
1230_0005_0019_0056_0056.jpg 1 5 19 56 56
1231_0052_0032_0038_0038.jpg 1 52 32 38 38
1232_0021_0026_0057_0057.jpg 1 21 26 57 57
1233_0023_0020_0046_0046.jpg 1 23 20 46 46
1234_0013_0030_0029_0029.jpg 1 13 30 29 29
1235_0021_0046_0035_0035.jpg 1 21 46 35 35
1236_0022_0042_0030_0030.jpg 1 22 42 30 30
1237_0035_0017_0045_0045.jpg 1 35 17 45 45
1238_0036_0029_0025_0025.jpg 1 36 29 25 25
1239_0042_0042_0051_0051.jpg 1 42 42 51 51
1240_0038_0044_0031_0031.jpg 1 38 44 31 31
1241_0033_0021_0056_0056.jpg 1 33 21 56 56
1242_0041_0045_0035_0035.jpg 1 41 45 35 35
1243_0019_0015_0053_0053.jpg 1 19 15 53 53
1244_0038_0009_0052_0052.jpg 1 38 9 52 52
1245_0015_0036_0028_0028.jpg 1 15 36 28 28
1246_0023_0031_0033_0033.jpg 1 23 31 33 33
1247_0031_0011_0060_0060.jpg 1 31 11 60 60
1248_0018_0038_0035_0035.jpg 1 18 38 35 35
1249_0026_0017_0040_0040.jpg 1 26 17 40 40
1250_0018_0054_0038_0038.jpg 1 18 54 38 38
1251_0009_0018_0031_0031.jpg 1 9 18 31 31
1252_0030_0042_0038_0038.jpg 1 30 42 38 38
1253_0037_0031_0057_0057.jpg 1 37 31 57 57
1254_0021_0038_0054_0054.jpg 1 21 38 54 54
1255_0018_0013_0046_0046.jpg 1 18 13 46 46
1256_0012_0027_0064_0064.jpg 1 12 27 64 64
1257_0019_0014_0041_0041.jpg 1 19 14 41 41
1258_0048_0012_0041_0041.jpg 1 48 12 41 41
1259_0013_0011_0035_0035.jpg 1 13 11 35 35
1260_0014_0043_0040_0040.jpg 1 14 43 40 40
1261_0012_0050_0031_0031.jpg 1 12 50 31 31
1262_0008_0009_0049_0049.jpg 1 8 9 49 49
1263_0021_0003_0066_0066.jpg 1 21 3 66 66
1264_0011_0016_0029_0029.jpg 1 11 16 29 29
1265_0017_0035_0060_0060.jpg 1 17 35 60 60
1266_0004_0007_0069_0069.jpg 1 4 7 69 69
1267_0027_0052_0031_0031.jpg 1 27 52 31 31
1268_0024_0016_0058_0058.jpg 1 24 16 58 58
1269_0010_0010_0057_0057.jpg 1 10 10 57 57
1270_0006_0023_0052_0052.jpg 1 6 23 52 52
1271_0039_0026_0051_0051.jpg 1 39 26 51 51
1272_0009_0019_0040_0040.jpg 1 9 19 40 40
1273_0006_0021_0057_0057.jpg 1 6 21 57 57
1274_0015_0006_0060_0060.jpg 1 15 6 60 60
1275_0026_0023_0057_0057.jpg 1 26 23 57 57
1276_0032_0056_0033_0033.jpg 1 32 56 33 33
1277_0030_0036_0032_0032.jpg 1 30 36 32 32
1278_0062_0047_0027_0027.jpg 1 62 47 27 27
1279_0011_0016_0068_0068.jpg 1 11 16 68 68
1280_0034_0055_0036_0036.jpg 1 34 55 36 36
1281_0010_0021_0026_0026.jpg 1 10 21 26 26
1282_0041_0043_0039_0039.jpg 1 41 43 39 39
1283_0031_0056_0025_0025.jpg 1 31 56 25 25
1284_0012_0004_0065_0065.jpg 1 12 4 65 65
1285_0010_0028_0057_0057.jpg 1 10 28 57 57
1286_0013_0044_0047_0047.jpg 1 13 44 47 47
1287_0023_0041_0050_0050.jpg 1 23 41 50 50
1288_0022_0009_0027_0027.jpg 1 22 9 27 27
1289_0004_0008_0060_0060.jpg 1 4 8 60 60
1290_0063_0040_0028_0028.jpg 1 63 40 28 28
1291_0019_0029_0059_0059.jpg 1 19 29 59 59
1292_0029_0029_0051_0051.jpg 1 29 29 51 51
1293_0039_0032_0031_0031.jpg 1 39 32 31 31
1294_0008_0032_0062_0062.jpg 1 8 32 62 62
1295_0018_0057_0027_0027.jpg 1 18 57 27 27
1296_0015_0018_0063_0063.jpg 1 15 18 63 63
1297_0019_0011_0037_0037.jpg 1 19 11 37 37
1298_0037_0042_0051_0051.jpg 1 37 42 51 51
1299_0006_0013_0065_0065.jpg 1 6 13 65 65
1300_0023_0008_0041_0041.jpg 1 23 8 41 41
1301_0037_0034_0033_0033.jpg 1 37 34 33 33
1302_0020_0030_0026_0026.jpg 1 20 30 26 26
1303_0027_0003_0065_0065.jpg 1 27 3 65 65
1304_0023_0007_0031_0031.jpg 1 23 7 31 31
1305_0004_0009_0066_0066.jpg 1 4 9 66 66
1306_0041_0011_0045_0045.jpg 1 41 11 45 45
1307_0046_0026_0046_0046.jpg 1 46 26 46 46
1308_0024_0005_0065_0065.jpg 1 24 5 65 65
1309_0039_0038_0044_0044.jpg 1 39 38 44 44
1310_0014_0025_0063_0063.jpg 1 14 25 63 63
1311_0013_0042_0049_0049.jpg 1 13 42 49 49
1312_0004_0016_0067_0067.jpg 1 4 16 67 67
1313_0023_0012_0049_0049.jpg 1 23 12 49 49
1314_0037_0006_0057_0057.jpg 1 37 6 57 57
1315_0028_0010_0059_0059.jpg 1 28 10 59 59
1316_0024_0034_0030_0030.jpg 1 24 34 30 30
1317_0032_0045_0042_0042.jpg 1 32 45 42 42
1318_0016_0058_0026_0026.jpg 1 16 58 26 26
1319_0009_0030_0062_0062.jpg 1 9 30 62 62
1320_0018_0011_0063_0063.jpg 1 18 11 63 63
1321_0003_0011_0067_0067.jpg 1 3 11 67 67
1322_0061_0008_0026_0026.jpg 1 61 8 26 26
1323_0015_0020_0053_0053.jpg 1 15 20 53 53
1324_0024_0013_0054_0054.jpg 1 24 13 54 54
1325_0010_0047_0042_0042.jpg 1 10 47 42 42
1326_0015_0025_0067_0067.jpg 1 15 25 67 67
1327_0031_0047_0042_0042.jpg 1 31 47 42 42
1328_0010_0010_0067_0067.jpg 1 10 10 67 67
1329_0035_0039_0033_0033.jpg 1 35 39 33 33
1330_0029_0014_0045_0045.jpg 1 29 14 45 45
1331_0024_0005_0067_0067.jpg 1 24 5 67 67
1332_0019_0024_0053_0053.jpg 1 19 24 53 53
1333_0010_0021_0043_0043.jpg 1 10 21 43 43
1334_0008_0016_0064_0064.jpg 1 8 16 64 64
1335_0025_0040_0035_0035.jpg 1 25 40 35 35
1336_0027_0041_0042_0042.jpg 1 27 41 42 42
1337_0014_0006_0052_0052.jpg 1 14 6 52 52
1338_0037_0013_0029_0029.jpg 1 37 13 29 29
1339_0011_0020_0067_0067.jpg 1 11 20 67 67
1340_0018_0020_0061_0061.jpg 1 18 20 61 61
1341_0052_0041_0039_0039.jpg 1 52 41 39 39
1342_0007_0016_0041_0041.jpg 1 7 16 41 41
1343_0009_0025_0046_0046.jpg 1 9 25 46 46
1344_0045_0037_0048_0048.jpg 1 45 37 48 48
1345_0020_0058_0031_0031.jpg 1 20 58 31 31
1346_0033_0009_0053_0053.jpg 1 33 9 53 53
1347_0038_0009_0049_0049.jpg 1 38 9 49 49
1348_0017_0016_0067_0067.jpg 1 17 16 67 67
1349_0038_0013_0024_0024.jpg 1 38 13 24 24
1350_0013_0006_0067_0067.jpg 1 13 6 67 67
1351_0032_0041_0032_0032.jpg 1 32 41 32 32
1352_0057_0055_0026_0026.jpg 1 57 55 26 26
1353_0049_0019_0043_0043.jpg 1 49 19 43 43
1354_0018_0023_0061_0061.jpg 1 18 23 61 61
1355_0058_0042_0027_0027.jpg 1 58 42 27 27
1356_0053_0040_0030_0030.jpg 1 53 40 30 30
1357_0004_0034_0061_0061.jpg 1 4 34 61 61
1358_0052_0035_0035_0035.jpg 1 52 35 35 35
1359_0051_0009_0034_0034.jpg 1 51 9 34 34
1360_0018_0012_0031_0031.jpg 1 18 12 31 31
1361_0047_0045_0024_0024.jpg 1 47 45 24 24
1362_0026_0010_0053_0053.jpg 1 26 10 53 53
1363_0013_0036_0032_0032.jpg 1 13 36 32 32
1364_0026_0013_0063_0063.jpg 1 26 13 63 63
1365_0009_0032_0039_0039.jpg 1 9 32 39 39
1366_0024_0025_0034_0034.jpg 1 24 25 34 34
1367_0020_0027_0068_0068.jpg 1 20 27 68 68
1368_0007_0004_0060_0060.jpg 1 7 4 60 60
1369_0045_0017_0049_0049.jpg 1 45 17 49 49
1370_0009_0017_0068_0068.jpg 1 9 17 68 68
1371_0030_0029_0048_0048.jpg 1 30 29 48 48
1372_0022_0033_0044_0044.jpg 1 22 33 44 44
1373_0017_0015_0055_0055.jpg 1 17 15 55 55
1374_0021_0042_0043_0043.jpg 1 21 42 43 43
1375_0063_0043_0028_0028.jpg 1 63 43 28 28
1376_0033_0021_0059_0059.jpg 1 33 21 59 59
1377_0028_0008_0046_0046.jpg 1 28 8 46 46
1378_0034_0029_0035_0035.jpg 1 34 29 35 35
1379_0015_0019_0054_0054.jpg 1 15 19 54 54
1380_0047_0019_0034_0034.jpg 1 47 19 34 34
1381_0017_0014_0035_0035.jpg 1 17 14 35 35
1382_0019_0018_0044_0044.jpg 1 19 18 44 44
1383_0009_0021_0059_0059.jpg 1 9 21 59 59
1384_0015_0025_0047_0047.jpg 1 15 25 47 47
1385_0011_0022_0069_0069.jpg 1 11 22 69 69
1386_0049_0040_0044_0044.jpg 1 49 40 44 44
1387_0009_0028_0040_0040.jpg 1 9 28 40 40
1388_0013_0012_0057_0057.jpg 1 13 12 57 57
1389_0027_0030_0056_0056.jpg 1 27 30 56 56
1390_0014_0042_0045_0045.jpg 1 14 42 45 45
1391_0033_0032_0060_0060.jpg 1 33 32 60 60
1392_0024_0026_0060_0060.jpg 1 24 26 60 60
1393_0036_0008_0030_0030.jpg 1 36 8 30 30
1394_0014_0013_0063_0063.jpg 1 14 13 63 63
1395_0035_0049_0026_0026.jpg 1 35 49 26 26
1396_0017_0010_0058_0058.jpg 1 17 10 58 58
1397_0012_0019_0056_0056.jpg 1 12 19 56 56
1398_0038_0039_0046_0046.jpg 1 38 39 46 46
1399_0024_0009_0065_0065.jpg 1 24 9 65 65
1400_0019_0019_0025_0025.jpg 1 19 19 25 25
1401_0052_0018_0032_0032.jpg 1 52 18 32 32
1402_0018_0022_0042_0042.jpg 1 18 22 42 42
1403_0026_0050_0026_0026.jpg 1 26 50 26 26
1404_0030_0047_0047_0047.jpg 1 30 47 47 47
1405_0009_0023_0044_0044.jpg 1 9 23 44 44
1406_0009_0029_0063_0063.jpg 1 9 29 63 63
1407_0021_0015_0066_0066.jpg 1 21 15 66 66
1408_0032_0023_0025_0025.jpg 1 32 23 25 25
1409_0032_0011_0056_0056.jpg 1 32 11 56 56
1410_0018_0022_0032_0032.jpg 1 18 22 32 32
1411_0028_0032_0032_0032.jpg 1 28 32 32 32
1412_0019_0027_0054_0054.jpg 1 19 27 54 54
1413_0035_0036_0044_0044.jpg 1 35 36 44 44
1414_0013_0028_0041_0041.jpg 1 13 28 41 41
1415_0029_0023_0045_0045.jpg 1 29 23 45 45
1416_0032_0016_0062_0062.jpg 1 32 16 62 62
1417_0017_0048_0042_0042.jpg 1 17 48 42 42
1418_0039_0043_0041_0041.jpg 1 39 43 41 41
1419_0051_0029_0042_0042.jpg 1 51 29 42 42
1420_0011_0042_0032_0032.jpg 1 11 42 32 32
1421_0011_0032_0037_0037.jpg 1 11 32 37 37
1422_0051_0010_0040_0040.jpg 1 51 10 40 40
1423_0032_0016_0031_0031.jpg 1 32 16 31 31
1424_0033_0045_0048_0048.jpg 1 33 45 48 48
1425_0052_0018_0040_0040.jpg 1 52 18 40 40
1426_0007_0026_0033_0033.jpg 1 7 26 33 33
1427_0010_0038_0055_0055.jpg 1 10 38 55 55
1428_0019_0018_0041_0041.jpg 1 19 18 41 41
1429_0015_0034_0051_0051.jpg 1 15 34 51 51
1430_0005_0022_0058_0058.jpg 1 5 22 58 58
1431_0011_0009_0065_0065.jpg 1 11 9 65 65
1432_0038_0017_0035_0035.jpg 1 38 17 35 35
1433_0006_0007_0047_0047.jpg 1 6 7 47 47
1434_0036_0007_0058_0058.jpg 1 36 7 58 58
1435_0028_0003_0067_0067.jpg 1 28 3 67 67
1436_0005_0030_0060_0060.jpg 1 5 30 60 60
1437_0024_0018_0068_0068.jpg 1 24 18 68 68
1438_0048_0008_0032_0032.jpg 1 48 8 32 32
1439_0015_0021_0067_0067.jpg 1 15 21 67 67
1440_0027_0049_0025_0025.jpg 1 27 49 25 25
1441_0029_0045_0034_0034.jpg 1 29 45 34 34
1442_0014_0043_0042_0042.jpg 1 14 43 42 42
1443_0045_0047_0026_0026.jpg 1 45 47 26 26
1444_0051_0032_0034_0034.jpg 1 51 32 34 34
1445_0031_0016_0059_0059.jpg 1 31 16 59 59
1446_0010_0050_0026_0026.jpg 1 10 50 26 26
1447_0026_0030_0028_0028.jpg 1 26 30 28 28
1448_0031_0008_0051_0051.jpg 1 31 8 51 51
1449_0015_0024_0029_0029.jpg 1 15 24 29 29
1450_0010_0008_0061_0061.jpg 1 10 8 61 61
1451_0045_0006_0045_0045.jpg 1 45 6 45 45
1452_0019_0039_0031_0031.jpg 1 19 39 31 31
1453_0007_0025_0038_0038.jpg 1 7 25 38 38
1454_0049_0053_0034_0034.jpg 1 49 53 34 34
1455_0040_0029_0041_0041.jpg 1 40 29 41 41
1456_0014_0028_0062_0062.jpg 1 14 28 62 62
1457_0034_0011_0050_0050.jpg 1 34 11 50 50
1458_0030_0049_0036_0036.jpg 1 30 49 36 36
1459_0044_0031_0026_0026.jpg 1 44 31 26 26
1460_0018_0024_0051_0051.jpg 1 18 24 51 51
1461_0010_0019_0056_0056.jpg 1 10 19 56 56
1462_0050_0061_0029_0029.jpg 1 50 61 29 29
1463_0037_0019_0055_0055.jpg 1 37 19 55 55
1464_0019_0025_0061_0061.jpg 1 19 25 61 61
1465_0016_0019_0046_0046.jpg 1 16 19 46 46
1466_0023_0027_0068_0068.jpg 1 23 27 68 68
1467_0025_0006_0068_0068.jpg 1 25 6 68 68
1468_0030_0019_0052_0052.jpg 1 30 19 52 52
1469_0015_0023_0035_0035.jpg 1 15 23 35 35
1470_0020_0011_0062_0062.jpg 1 20 11 62 62
1471_0016_0025_0057_0057.jpg 1 16 25 57 57
1472_0031_0010_0047_0047.jpg 1 31 10 47 47
1473_0022_0015_0058_0058.jpg 1 22 15 58 58
1474_0016_0027_0068_0068.jpg 1 16 27 68 68
1475_0026_0028_0041_0041.jpg 1 26 28 41 41
1476_0025_0028_0027_0027.jpg 1 25 28 27 27
1477_0047_0034_0029_0029.jpg 1 47 34 29 29
1478_0022_0041_0053_0053.jpg 1 22 41 53 53
1479_0022_0018_0061_0061.jpg 1 22 18 61 61
1480_0048_0019_0038_0038.jpg 1 48 19 38 38
1481_0044_0047_0044_0044.jpg 1 44 47 44 44
1482_0010_0025_0068_0068.jpg 1 10 25 68 68
1483_0049_0018_0037_0037.jpg 1 49 18 37 37
1484_0011_0044_0042_0042.jpg 1 11 44 42 42
1485_0005_0022_0067_0067.jpg 1 5 22 67 67
1486_0026_0022_0068_0068.jpg 1 26 22 68 68
1487_0024_0050_0031_0031.jpg 1 24 50 31 31
1488_0013_0018_0045_0045.jpg 1 13 18 45 45
1489_0045_0050_0024_0024.jpg 1 45 50 24 24
1490_0041_0022_0039_0039.jpg 1 41 22 39 39
1491_0052_0037_0040_0040.jpg 1 52 37 40 40
1492_0012_0043_0029_0029.jpg 1 12 43 29 29
1493_0039_0051_0027_0027.jpg 1 39 51 27 27
1494_0016_0006_0069_0069.jpg 1 16 6 69 69
1495_0037_0026_0038_0038.jpg 1 37 26 38 38
1496_0049_0057_0027_0027.jpg 1 49 57 27 27
1497_0044_0029_0046_0046.jpg 1 44 29 46 46
1498_0019_0021_0025_0025.jpg 1 19 21 25 25
1499_0019_0006_0061_0061.jpg 1 19 6 61 61
1500_0007_0055_0035_0035.jpg 1 7 55 35 35
1501_0010_0028_0065_0065.jpg 1 10 28 65 65
1502_0014_0042_0039_0039.jpg 1 14 42 39 39
1503_0046_0036_0046_0046.jpg 1 46 36 46 46
1504_0015_0038_0053_0053.jpg 1 15 38 53 53
1505_0014_0044_0044_0044.jpg 1 14 44 44 44
1506_0017_0019_0054_0054.jpg 1 17 19 54 54
1507_0026_0034_0059_0059.jpg 1 26 34 59 59
1508_0033_0013_0038_0038.jpg 1 33 13 38 38
1509_0022_0020_0058_0058.jpg 1 22 20 58 58
1510_0011_0008_0030_0030.jpg 1 11 8 30 30
1511_0036_0054_0028_0028.jpg 1 36 54 28 28
1512_0014_0017_0037_0037.jpg 1 14 17 37 37
1513_0034_0030_0048_0048.jpg 1 34 30 48 48
1514_0027_0024_0067_0067.jpg 1 27 24 67 67
1515_0029_0018_0064_0064.jpg 1 29 18 64 64
1516_0023_0026_0055_0055.jpg 1 23 26 55 55
1517_0012_0005_0065_0065.jpg 1 12 5 65 65
1518_0019_0024_0063_0063.jpg 1 19 24 63 63
1519_0029_0062_0029_0029.jpg 1 29 62 29 29
1520_0021_0006_0043_0043.jpg 1 21 6 43 43
1521_0017_0040_0031_0031.jpg 1 17 40 31 31
1522_0015_0047_0046_0046.jpg 1 15 47 46 46
1523_0005_0010_0069_0069.jpg 1 5 10 69 69
1524_0045_0058_0032_0032.jpg 1 45 58 32 32
1525_0030_0022_0028_0028.jpg 1 30 22 28 28
1526_0040_0005_0045_0045.jpg 1 40 5 45 45
1527_0032_0048_0042_0042.jpg 1 32 48 42 42
1528_0019_0020_0056_0056.jpg 1 19 20 56 56
1529_0003_0026_0067_0067.jpg 1 3 26 67 67
1530_0016_0012_0036_0036.jpg 1 16 12 36 36
1531_0022_0012_0026_0026.jpg 1 22 12 26 26
1532_0051_0037_0030_0030.jpg 1 51 37 30 30
1533_0017_0023_0039_0039.jpg 1 17 23 39 39
1534_0026_0006_0066_0066.jpg 1 26 6 66 66
1535_0032_0017_0054_0054.jpg 1 32 17 54 54
1536_0051_0028_0041_0041.jpg 1 51 28 41 41
1537_0039_0021_0051_0051.jpg 1 39 21 51 51
1538_0018_0048_0044_0044.jpg 1 18 48 44 44
1539_0010_0026_0057_0057.jpg 1 10 26 57 57
1540_0017_0004_0064_0064.jpg 1 17 4 64 64
1541_0022_0019_0063_0063.jpg 1 22 19 63 63
1542_0025_0018_0067_0067.jpg 1 25 18 67 67
1543_0061_0028_0029_0029.jpg 1 61 28 29 29
1544_0022_0013_0044_0044.jpg 1 22 13 44 44
1545_0007_0015_0064_0064.jpg 1 7 15 64 64
1546_0019_0025_0064_0064.jpg 1 19 25 64 64
1547_0006_0018_0059_0059.jpg 1 6 18 59 59
1548_0014_0013_0052_0052.jpg 1 14 13 52 52
1549_0017_0032_0044_0044.jpg 1 17 32 44 44
1550_0041_0037_0053_0053.jpg 1 41 37 53 53
1551_0017_0027_0046_0046.jpg 1 17 27 46 46
1552_0028_0023_0053_0053.jpg 1 28 23 53 53
1553_0039_0021_0053_0053.jpg 1 39 21 53 53
1554_0020_0006_0046_0046.jpg 1 20 6 46 46
1555_0007_0030_0057_0057.jpg 1 7 30 57 57
1556_0017_0041_0033_0033.jpg 1 17 41 33 33
1557_0009_0011_0066_0066.jpg 1 9 11 66 66
1558_0053_0045_0033_0033.jpg 1 53 45 33 33
1559_0030_0044_0049_0049.jpg 1 30 44 49 49
1560_0006_0031_0060_0060.jpg 1 6 31 60 60
1561_0040_0041_0054_0054.jpg 1 40 41 54 54
1562_0036_0019_0049_0049.jpg 1 36 19 49 49
1563_0008_0015_0065_0065.jpg 1 8 15 65 65
1564_0007_0018_0060_0060.jpg 1 7 18 60 60
1565_0026_0026_0063_0063.jpg 1 26 26 63 63
1566_0027_0035_0032_0032.jpg 1 27 35 32 32
1567_0036_0015_0026_0026.jpg 1 36 15 26 26
1568_0056_0048_0027_0027.jpg 1 56 48 27 27
1569_0024_0039_0056_0056.jpg 1 24 39 56 56
1570_0030_0022_0060_0060.jpg 1 30 22 60 60
1571_0018_0024_0063_0063.jpg 1 18 24 63 63
1572_0016_0007_0046_0046.jpg 1 16 7 46 46
1573_0028_0018_0043_0043.jpg 1 28 18 43 43
1574_0036_0020_0039_0039.jpg 1 36 20 39 39
1575_0036_0051_0041_0041.jpg 1 36 51 41 41
1576_0014_0014_0060_0060.jpg 1 14 14 60 60
1577_0035_0024_0045_0045.jpg 1 35 24 45 45
1578_0036_0040_0040_0040.jpg 1 36 40 40 40
1579_0031_0020_0049_0049.jpg 1 31 20 49 49
1580_0018_0021_0049_0049.jpg 1 18 21 49 49
1581_0023_0019_0041_0041.jpg 1 23 19 41 41
1582_0048_0012_0036_0036.jpg 1 48 12 36 36
1583_0024_0046_0032_0032.jpg 1 24 46 32 32
1584_0021_0041_0049_0049.jpg 1 21 41 49 49
1585_0041_0049_0030_0030.jpg 1 41 49 30 30
1586_0016_0007_0040_0040.jpg 1 16 7 40 40
1587_0005_0010_0069_0069.jpg 1 5 10 69 69
1588_0026_0017_0064_0064.jpg 1 26 17 64 64
1589_0040_0048_0043_0043.jpg 1 40 48 43 43
1590_0031_0012_0056_0056.jpg 1 31 12 56 56
1591_0013_0009_0059_0059.jpg 1 13 9 59 59
1592_0019_0038_0026_0026.jpg 1 19 38 26 26
1593_0007_0014_0031_0031.jpg 1 7 14 31 31
1594_0011_0014_0061_0061.jpg 1 11 14 61 61
1595_0013_0021_0067_0067.jpg 1 13 21 67 67
1596_0050_0029_0040_0040.jpg 1 50 29 40 40
1597_0030_0007_0031_0031.jpg 1 30 7 31 31
1598_0025_0010_0036_0036.jpg 1 25 10 36 36
1599_0014_0012_0054_0054.jpg 1 14 12 54 54
1600_0040_0014_0050_0050.jpg 1 40 14 50 50
1601_0034_0031_0056_0056.jpg 1 34 31 56 56
1602_0007_0008_0068_0068.jpg 1 7 8 68 68
1603_0013_0022_0038_0038.jpg 1 13 22 38 38
1604_0023_0021_0059_0059.jpg 1 23 21 59 59
1605_0026_0027_0063_0063.jpg 1 26 27 63 63
1606_0020_0009_0061_0061.jpg 1 20 9 61 61
1607_0037_0024_0037_0037.jpg 1 37 24 37 37
1608_0037_0009_0024_0024.jpg 1 37 9 24 24
1609_0055_0007_0033_0033.jpg 1 55 7 33 33
1610_0011_0020_0026_0026.jpg 1 11 20 26 26
1611_0056_0011_0031_0031.jpg 1 56 11 31 31
1612_0027_0015_0043_0043.jpg 1 27 15 43 43
1613_0018_0011_0059_0059.jpg 1 18 11 59 59
1614_0037_0007_0046_0046.jpg 1 37 7 46 46
1615_0027_0006_0068_0068.jpg 1 27 6 68 68
1616_0022_0014_0029_0029.jpg 1 22 14 29 29
1617_0011_0026_0064_0064.jpg 1 11 26 64 64
1618_0046_0009_0027_0027.jpg 1 46 9 27 27
1619_0037_0022_0036_0036.jpg 1 37 22 36 36
1620_0011_0025_0035_0035.jpg 1 11 25 35 35
1621_0018_0006_0038_0038.jpg 1 18 6 38 38
1622_0035_0006_0051_0051.jpg 1 35 6 51 51
1623_0060_0013_0029_0029.jpg 1 60 13 29 29
1624_0015_0006_0067_0067.jpg 1 15 6 67 67
1625_0042_0011_0029_0029.jpg 1 42 11 29 29
1626_0037_0042_0038_0038.jpg 1 37 42 38 38
1627_0024_0011_0042_0042.jpg 1 24 11 42 42
1628_0008_0018_0069_0069.jpg 1 8 18 69 69
1629_0051_0013_0025_0025.jpg 1 51 13 25 25
1630_0009_0015_0049_0049.jpg 1 9 15 49 49
1631_0033_0009_0025_0025.jpg 1 33 9 25 25
1632_0031_0038_0057_0057.jpg 1 31 38 57 57
1633_0020_0064_0025_0025.jpg 1 20 64 25 25
1634_0017_0022_0061_0061.jpg 1 17 22 61 61
1635_0047_0024_0025_0025.jpg 1 47 24 25 25
1636_0025_0039_0031_0031.jpg 1 25 39 31 31
1637_0036_0030_0054_0054.jpg 1 36 30 54 54
1638_0016_0026_0054_0054.jpg 1 16 26 54 54
1639_0024_0009_0066_0066.jpg 1 24 9 66 66
1640_0037_0053_0037_0037.jpg 1 37 53 37 37
1641_0023_0021_0061_0061.jpg 1 23 21 61 61
1642_0040_0007_0037_0037.jpg 1 40 7 37 37
1643_0041_0034_0051_0051.jpg 1 41 34 51 51
1644_0010_0012_0029_0029.jpg 1 10 12 29 29
1645_0019_0018_0058_0058.jpg 1 19 18 58 58
1646_0019_0041_0044_0044.jpg 1 19 41 44 44
1647_0022_0006_0064_0064.jpg 1 22 6 64 64
1648_0033_0006_0043_0043.jpg 1 33 6 43 43
1649_0032_0021_0031_0031.jpg 1 32 21 31 31
1650_0005_0022_0069_0069.jpg 1 5 22 69 69
1651_0011_0019_0037_0037.jpg 1 11 19 37 37
1652_0026_0008_0055_0055.jpg 1 26 8 55 55
1653_0040_0008_0040_0040.jpg 1 40 8 40 40
1654_0024_0007_0057_0057.jpg 1 24 7 57 57
1655_0019_0024_0062_0062.jpg 1 19 24 62 62
1656_0055_0045_0025_0025.jpg 1 55 45 25 25
1657_0017_0041_0046_0046.jpg 1 17 41 46 46
1658_0035_0011_0033_0033.jpg 1 35 11 33 33
1659_0019_0011_0053_0053.jpg 1 19 11 53 53
1660_0022_0015_0041_0041.jpg 1 22 15 41 41
1661_0010_0011_0047_0047.jpg 1 10 11 47 47
1662_0009_0008_0033_0033.jpg 1 9 8 33 33
1663_0037_0036_0052_0052.jpg 1 37 36 52 52
1664_0039_0043_0029_0029.jpg 1 39 43 29 29
1665_0046_0024_0038_0038.jpg 1 46 24 38 38
1666_0023_0037_0033_0033.jpg 1 23 37 33 33
1667_0042_0039_0047_0047.jpg 1 42 39 47 47
1668_0005_0015_0066_0066.jpg 1 5 15 66 66
1669_0030_0016_0031_0031.jpg 1 30 16 31 31
1670_0035_0055_0027_0027.jpg 1 35 55 27 27
1671_0033_0035_0057_0057.jpg 1 33 35 57 57
1672_0038_0005_0052_0052.jpg 1 38 5 52 52
1673_0033_0010_0040_0040.jpg 1 33 10 40 40
1674_0009_0019_0069_0069.jpg 1 9 19 69 69
1675_0039_0054_0026_0026.jpg 1 39 54 26 26
1676_0006_0016_0054_0054.jpg 1 6 16 54 54
1677_0033_0036_0030_0030.jpg 1 33 36 30 30
1678_0036_0018_0031_0031.jpg 1 36 18 31 31
1679_0026_0040_0029_0029.jpg 1 26 40 29 29
1680_0024_0040_0027_0027.jpg 1 24 40 27 27
1681_0046_0058_0034_0034.jpg 1 46 58 34 34
1682_0031_0046_0030_0030.jpg 1 31 46 30 30
1683_0011_0012_0066_0066.jpg 1 11 12 66 66
1684_0021_0020_0061_0061.jpg 1 21 20 61 61
1685_0012_0031_0035_0035.jpg 1 12 31 35 35
1686_0050_0028_0039_0039.jpg 1 50 28 39 39
1687_0056_0035_0031_0031.jpg 1 56 35 31 31
1688_0024_0051_0028_0028.jpg 1 24 51 28 28
1689_0032_0028_0055_0055.jpg 1 32 28 55 55
1690_0018_0007_0069_0069.jpg 1 18 7 69 69
1691_0043_0033_0049_0049.jpg 1 43 33 49 49
1692_0009_0044_0033_0033.jpg 1 9 44 33 33
1693_0023_0007_0065_0065.jpg 1 23 7 65 65
1694_0030_0017_0033_0033.jpg 1 30 17 33 33
1695_0031_0049_0041_0041.jpg 1 31 49 41 41
1696_0010_0014_0067_0067.jpg 1 10 14 67 67
1697_0039_0038_0051_0051.jpg 1 39 38 51 51
1698_0012_0047_0036_0036.jpg 1 12 47 36 36
1699_0017_0009_0067_0067.jpg 1 17 9 67 67
1700_0043_0054_0029_0029.jpg 1 43 54 29 29
1701_0007_0008_0034_0034.jpg 1 7 8 34 34
1702_0045_0045_0038_0038.jpg 1 45 45 38 38
1703_0052_0053_0025_0025.jpg 1 52 53 25 25
1704_0026_0016_0068_0068.jpg 1 26 16 68 68
1705_0029_0054_0035_0035.jpg 1 29 54 35 35
1706_0035_0047_0042_0042.jpg 1 35 47 42 42
1707_0012_0017_0067_0067.jpg 1 12 17 67 67
1708_0019_0026_0060_0060.jpg 1 19 26 60 60
1709_0015_0015_0055_0055.jpg 1 15 15 55 55
1710_0008_0027_0065_0065.jpg 1 8 27 65 65
1711_0029_0025_0043_0043.jpg 1 29 25 43 43
1712_0022_0010_0060_0060.jpg 1 22 10 60 60
1713_0010_0056_0032_0032.jpg 1 10 56 32 32
1714_0005_0020_0065_0065.jpg 1 5 20 65 65
1715_0027_0046_0048_0048.jpg 1 27 46 48 48
1716_0034_0020_0057_0057.jpg 1 34 20 57 57
1717_0009_0018_0048_0048.jpg 1 9 18 48 48
1718_0018_0005_0060_0060.jpg 1 18 5 60 60
1719_0048_0034_0044_0044.jpg 1 48 34 44 44
1720_0013_0015_0045_0045.jpg 1 13 15 45 45
1721_0012_0008_0051_0051.jpg 1 12 8 51 51
1722_0032_0029_0042_0042.jpg 1 32 29 42 42
1723_0024_0007_0048_0048.jpg 1 24 7 48 48
1724_0013_0023_0065_0065.jpg 1 13 23 65 65
1725_0031_0006_0060_0060.jpg 1 31 6 60 60
1726_0029_0033_0039_0039.jpg 1 29 33 39 39
1727_0047_0050_0036_0036.jpg 1 47 50 36 36
1728_0047_0024_0047_0047.jpg 1 47 24 47 47
1729_0029_0009_0036_0036.jpg 1 29 9 36 36
1730_0021_0022_0068_0068.jpg 1 21 22 68 68
1731_0028_0028_0058_0058.jpg 1 28 28 58 58
1732_0018_0018_0064_0064.jpg 1 18 18 64 64
1733_0011_0038_0056_0056.jpg 1 11 38 56 56
1734_0037_0022_0034_0034.jpg 1 37 22 34 34
1735_0049_0039_0037_0037.jpg 1 49 39 37 37
1736_0020_0006_0061_0061.jpg 1 20 6 61 61
1737_0010_0007_0046_0046.jpg 1 10 7 46 46
1738_0044_0026_0047_0047.jpg 1 44 26 47 47
1739_0006_0047_0044_0044.jpg 1 6 47 44 44
1740_0063_0016_0027_0027.jpg 1 63 16 27 27
1741_0007_0044_0036_0036.jpg 1 7 44 36 36
1742_0038_0036_0056_0056.jpg 1 38 36 56 56
1743_0022_0029_0040_0040.jpg 1 22 29 40 40
1744_0034_0024_0055_0055.jpg 1 34 24 55 55
1745_0021_0030_0045_0045.jpg 1 21 30 45 45
1746_0028_0030_0042_0042.jpg 1 28 30 42 42
1747_0017_0033_0039_0039.jpg 1 17 33 39 39
1748_0017_0006_0049_0049.jpg 1 17 6 49 49
1749_0043_0020_0040_0040.jpg 1 43 20 40 40
1750_0011_0010_0049_0049.jpg 1 11 10 49 49
1751_0024_0015_0065_0065.jpg 1 24 15 65 65
1752_0056_0020_0036_0036.jpg 1 56 20 36 36
1753_0033_0065_0026_0026.jpg 1 33 65 26 26
1754_0023_0004_0066_0066.jpg 1 23 4 66 66
1755_0006_0052_0040_0040.jpg 1 6 52 40 40
1756_0010_0016_0025_0025.jpg 1 10 16 25 25
1757_0031_0008_0046_0046.jpg 1 31 8 46 46
1758_0032_0029_0053_0053.jpg 1 32 29 53 53
1759_0022_0015_0040_0040.jpg 1 22 15 40 40
1760_0025_0029_0046_0046.jpg 1 25 29 46 46
1761_0017_0027_0042_0042.jpg 1 17 27 42 42
1762_0021_0009_0064_0064.jpg 1 21 9 64 64
1763_0031_0019_0050_0050.jpg 1 31 19 50 50
1764_0053_0036_0026_0026.jpg 1 53 36 26 26
1765_0040_0019_0035_0035.jpg 1 40 19 35 35
1766_0020_0010_0064_0064.jpg 1 20 10 64 64
1767_0010_0020_0057_0057.jpg 1 10 20 57 57
1768_0051_0034_0025_0025.jpg 1 51 34 25 25
1769_0018_0020_0041_0041.jpg 1 18 20 41 41
1770_0038_0053_0028_0028.jpg 1 38 53 28 28
1771_0019_0037_0037_0037.jpg 1 19 37 37 37
1772_0012_0006_0065_0065.jpg 1 12 6 65 65
1773_0024_0013_0053_0053.jpg 1 24 13 53 53
1774_0009_0009_0060_0060.jpg 1 9 9 60 60
1775_0031_0027_0048_0048.jpg 1 31 27 48 48
1776_0023_0017_0024_0024.jpg 1 23 17 24 24
1777_0010_0023_0052_0052.jpg 1 10 23 52 52
1778_0036_0051_0032_0032.jpg 1 36 51 32 32
1779_0046_0043_0044_0044.jpg 1 46 43 44 44
1780_0035_0018_0057_0057.jpg 1 35 18 57 57
1781_0006_0009_0069_0069.jpg 1 6 9 69 69
1782_0026_0058_0032_0032.jpg 1 26 58 32 32
1783_0013_0033_0051_0051.jpg 1 13 33 51 51
1784_0049_0011_0044_0044.jpg 1 49 11 44 44
1785_0012_0042_0052_0052.jpg 1 12 42 52 52
1786_0037_0035_0035_0035.jpg 1 37 35 35 35
1787_0032_0056_0034_0034.jpg 1 32 56 34 34
1788_0008_0041_0030_0030.jpg 1 8 41 30 30
1789_0014_0006_0051_0051.jpg 1 14 6 51 51
1790_0019_0013_0047_0047.jpg 1 19 13 47 47
1791_0003_0023_0068_0068.jpg 1 3 23 68 68
1792_0041_0038_0038_0038.jpg 1 41 38 38 38
1793_0022_0005_0062_0062.jpg 1 22 5 62 62
1794_0019_0031_0061_0061.jpg 1 19 31 61 61
1795_0017_0012_0026_0026.jpg 1 17 12 26 26
1796_0010_0063_0028_0028.jpg 1 10 63 28 28
1797_0012_0040_0043_0043.jpg 1 12 40 43 43
1798_0034_0048_0039_0039.jpg 1 34 48 39 39
1799_0051_0054_0028_0028.jpg 1 51 54 28 28
1800_0021_0010_0056_0056.jpg 1 21 10 56 56
1801_0010_0035_0047_0047.jpg 1 10 35 47 47
1802_0011_0046_0040_0040.jpg 1 11 46 40 40
1803_0016_0004_0067_0067.jpg 1 16 4 67 67
1804_0008_0029_0052_0052.jpg 1 8 29 52 52
1805_0021_0034_0037_0037.jpg 1 21 34 37 37
1806_0004_0024_0069_0069.jpg 1 4 24 69 69
1807_0019_0008_0066_0066.jpg 1 19 8 66 66
1808_0024_0024_0064_0064.jpg 1 24 24 64 64
1809_0041_0024_0025_0025.jpg 1 41 24 25 25
1810_0031_0021_0058_0058.jpg 1 31 21 58 58
1811_0018_0023_0025_0025.jpg 1 18 23 25 25
1812_0025_0029_0040_0040.jpg 1 25 29 40 40
1813_0029_0006_0061_0061.jpg 1 29 6 61 61
1814_0010_0050_0031_0031.jpg 1 10 50 31 31
1815_0020_0020_0064_0064.jpg 1 20 20 64 64
1816_0034_0014_0037_0037.jpg 1 34 14 37 37
1817_0003_0014_0068_0068.jpg 1 3 14 68 68
1818_0019_0013_0067_0067.jpg 1 19 13 67 67
1819_0038_0010_0039_0039.jpg 1 38 10 39 39
1820_0031_0020_0058_0058.jpg 1 31 20 58 58
1821_0022_0026_0055_0055.jpg 1 22 26 55 55
1822_0037_0042_0044_0044.jpg 1 37 42 44 44
1823_0042_0058_0034_0034.jpg 1 42 58 34 34
1824_0059_0047_0032_0032.jpg 1 59 47 32 32
1825_0014_0023_0033_0033.jpg 1 14 23 33 33
1826_0049_0043_0029_0029.jpg 1 49 43 29 29
1827_0018_0030_0060_0060.jpg 1 18 30 60 60
1828_0035_0029_0035_0035.jpg 1 35 29 35 35
1829_0016_0011_0028_0028.jpg 1 16 11 28 28
1830_0017_0017_0054_0054.jpg 1 17 17 54 54
1831_0025_0029_0029_0029.jpg 1 25 29 29 29
1832_0022_0007_0031_0031.jpg 1 22 7 31 31
1833_0014_0021_0047_0047.jpg 1 14 21 47 47
1834_0021_0031_0048_0048.jpg 1 21 31 48 48
1835_0019_0042_0039_0039.jpg 1 19 42 39 39
1836_0025_0014_0062_0062.jpg 1 25 14 62 62
1837_0034_0020_0035_0035.jpg 1 34 20 35 35
1838_0018_0038_0024_0024.jpg 1 18 38 24 24
1839_0029_0007_0032_0032.jpg 1 29 7 32 32
1840_0025_0026_0054_0054.jpg 1 25 26 54 54
1841_0007_0015_0041_0041.jpg 1 7 15 41 41
1842_0039_0039_0047_0047.jpg 1 39 39 47 47
1843_0009_0044_0033_0033.jpg 1 9 44 33 33
1844_0031_0031_0063_0063.jpg 1 31 31 63 63
1845_0008_0010_0058_0058.jpg 1 8 10 58 58
1846_0025_0050_0031_0031.jpg 1 25 50 31 31
1847_0004_0006_0061_0061.jpg 1 4 6 61 61
1848_0031_0008_0055_0055.jpg 1 31 8 55 55
1849_0016_0012_0040_0040.jpg 1 16 12 40 40
1850_0027_0013_0056_0056.jpg 1 27 13 56 56
1851_0045_0051_0030_0030.jpg 1 45 51 30 30
1852_0016_0016_0046_0046.jpg 1 16 16 46 46
1853_0029_0016_0041_0041.jpg 1 29 16 41 41
1854_0011_0043_0042_0042.jpg 1 11 43 42 42
1855_0046_0025_0027_0027.jpg 1 46 25 27 27
1856_0012_0044_0031_0031.jpg 1 12 44 31 31
1857_0036_0048_0037_0037.jpg 1 36 48 37 37
1858_0014_0013_0067_0067.jpg 1 14 13 67 67
1859_0019_0013_0062_0062.jpg 1 19 13 62 62
1860_0025_0025_0043_0043.jpg 1 25 25 43 43
1861_0067_0043_0024_0024.jpg 1 67 43 24 24
1862_0029_0023_0058_0058.jpg 1 29 23 58 58
1863_0010_0019_0068_0068.jpg 1 10 19 68 68
1864_0003_0029_0067_0067.jpg 1 3 29 67 67
1865_0028_0012_0042_0042.jpg 1 28 12 42 42
1866_0056_0044_0035_0035.jpg 1 56 44 35 35
1867_0045_0038_0047_0047.jpg 1 45 38 47 47
1868_0027_0008_0063_0063.jpg 1 27 8 63 63
1869_0028_0022_0034_0034.jpg 1 28 22 34 34
1870_0018_0008_0069_0069.jpg 1 18 8 69 69
1871_0023_0007_0068_0068.jpg 1 23 7 68 68
1872_0006_0014_0043_0043.jpg 1 6 14 43 43
1873_0014_0029_0054_0054.jpg 1 14 29 54 54
1874_0035_0049_0040_0040.jpg 1 35 49 40 40
1875_0014_0004_0067_0067.jpg 1 14 4 67 67
1876_0039_0019_0043_0043.jpg 1 39 19 43 43
1877_0007_0015_0046_0046.jpg 1 7 15 46 46
1878_0010_0047_0031_0031.jpg 1 10 47 31 31
1879_0015_0035_0054_0054.jpg 1 15 35 54 54
1880_0026_0017_0038_0038.jpg 1 26 17 38 38
1881_0016_0052_0033_0033.jpg 1 16 52 33 33
1882_0028_0017_0065_0065.jpg 1 28 17 65 65
1883_0052_0010_0028_0028.jpg 1 52 10 28 28
1884_0009_0037_0058_0058.jpg 1 9 37 58 58
1885_0009_0022_0044_0044.jpg 1 9 22 44 44
1886_0023_0045_0034_0034.jpg 1 23 45 34 34
1887_0031_0053_0039_0039.jpg 1 31 53 39 39
1888_0007_0004_0064_0064.jpg 1 7 4 64 64
1889_0030_0039_0042_0042.jpg 1 30 39 42 42
1890_0018_0049_0041_0041.jpg 1 18 49 41 41
1891_0028_0043_0038_0038.jpg 1 28 43 38 38
1892_0023_0045_0036_0036.jpg 1 23 45 36 36
1893_0028_0021_0034_0034.jpg 1 28 21 34 34
1894_0035_0037_0045_0045.jpg 1 35 37 45 45
1895_0019_0064_0025_0025.jpg 1 19 64 25 25
1896_0005_0037_0053_0053.jpg 1 5 37 53 53
1897_0008_0016_0055_0055.jpg 1 8 16 55 55
1898_0032_0017_0059_0059.jpg 1 32 17 59 59
1899_0034_0026_0045_0045.jpg 1 34 26 45 45
1900_0023_0041_0030_0030.jpg 1 23 41 30 30
1901_0008_0037_0044_0044.jpg 1 8 37 44 44
1902_0039_0055_0030_0030.jpg 1 39 55 30 30
1903_0055_0067_0024_0024.jpg 1 55 67 24 24
1904_0026_0030_0033_0033.jpg 1 26 30 33 33
1905_0009_0028_0067_0067.jpg 1 9 28 67 67
1906_0024_0032_0062_0062.jpg 1 24 32 62 62
1907_0005_0019_0069_0069.jpg 1 5 19 69 69
1908_0006_0007_0058_0058.jpg 1 6 7 58 58
1909_0032_0047_0043_0043.jpg 1 32 47 43 43
1910_0032_0014_0054_0054.jpg 1 32 14 54 54
1911_0011_0011_0057_0057.jpg 1 11 11 57 57
1912_0021_0028_0033_0033.jpg 1 21 28 33 33
1913_0057_0054_0027_0027.jpg 1 57 54 27 27
1914_0016_0025_0035_0035.jpg 1 16 25 35 35
1915_0020_0060_0026_0026.jpg 1 20 60 26 26
1916_0038_0034_0043_0043.jpg 1 38 34 43 43
1917_0015_0051_0037_0037.jpg 1 15 51 37 37
1918_0006_0020_0067_0067.jpg 1 6 20 67 67
1919_0015_0018_0057_0057.jpg 1 15 18 57 57
1920_0015_0015_0028_0028.jpg 1 15 15 28 28
1921_0022_0025_0061_0061.jpg 1 22 25 61 61
1922_0018_0029_0053_0053.jpg 1 18 29 53 53
1923_0056_0047_0027_0027.jpg 1 56 47 27 27
1924_0026_0027_0063_0063.jpg 1 26 27 63 63
1925_0033_0033_0037_0037.jpg 1 33 33 37 37
1926_0026_0035_0060_0060.jpg 1 26 35 60 60
1927_0010_0014_0053_0053.jpg 1 10 14 53 53
1928_0035_0023_0048_0048.jpg 1 35 23 48 48
1929_0039_0018_0044_0044.jpg 1 39 18 44 44
1930_0037_0007_0036_0036.jpg 1 37 7 36 36
1931_0024_0026_0056_0056.jpg 1 24 26 56 56
1932_0039_0062_0028_0028.jpg 1 39 62 28 28
1933_0033_0024_0056_0056.jpg 1 33 24 56 56
1934_0030_0036_0046_0046.jpg 1 30 36 46 46
1935_0031_0038_0035_0035.jpg 1 31 38 35 35
1936_0045_0027_0042_0042.jpg 1 45 27 42 42
1937_0012_0013_0067_0067.jpg 1 12 13 67 67
1938_0035_0024_0055_0055.jpg 1 35 24 55 55
1939_0028_0019_0031_0031.jpg 1 28 19 31 31
1940_0027_0063_0029_0029.jpg 1 27 63 29 29
1941_0045_0013_0036_0036.jpg 1 45 13 36 36
1942_0015_0054_0035_0035.jpg 1 15 54 35 35
1943_0034_0032_0057_0057.jpg 1 34 32 57 57
1944_0023_0036_0034_0034.jpg 1 23 36 34 34
1945_0036_0038_0026_0026.jpg 1 36 38 26 26
1946_0037_0014_0052_0052.jpg 1 37 14 52 52
1947_0011_0027_0069_0069.jpg 1 11 27 69 69
1948_0044_0047_0028_0028.jpg 1 44 47 28 28
1949_0021_0054_0038_0038.jpg 1 21 54 38 38
1950_0029_0042_0037_0037.jpg 1 29 42 37 37
